{"C:\\py\\WEConnect\\server\\lib\\tests\\BusinessControllerTest.js":{"path":"C:\\py\\WEConnect\\server\\lib\\tests\\BusinessControllerTest.js","statementMap":{"0":{"start":{"line":3,"column":12},"end":{"line":3,"column":27}},"1":{"start":{"line":5,"column":13},"end":{"line":5,"column":42}},"2":{"start":{"line":7,"column":16},"end":{"line":7,"column":36}},"3":{"start":{"line":9,"column":17},"end":{"line":9,"column":50}},"4":{"start":{"line":11,"column":11},"end":{"line":11,"column":28}},"5":{"start":{"line":13,"column":12},"end":{"line":13,"column":40}},"6":{"start":{"line":15,"column":10},"end":{"line":15,"column":34}},"7":{"start":{"line":17,"column":39},"end":{"line":17,"column":93}},"8":{"start":{"line":19,"column":13},"end":{"line":19,"column":36}},"9":{"start":{"line":21,"column":0},"end":{"line":21,"column":39}},"10":{"start":{"line":23,"column":0},"end":{"line":23,"column":30}},"11":{"start":{"line":25,"column":0},"end":{"line":70,"column":3}},"12":{"start":{"line":27,"column":8},"end":{"line":69,"column":11}},"13":{"start":{"line":29,"column":16},"end":{"line":68,"column":19}},"14":{"start":{"line":31,"column":24},"end":{"line":31,"column":52}},"15":{"start":{"line":33,"column":24},"end":{"line":33,"column":55}},"16":{"start":{"line":35,"column":24},"end":{"line":35,"column":106}},"17":{"start":{"line":37,"column":24},"end":{"line":37,"column":68}},"18":{"start":{"line":39,"column":24},"end":{"line":39,"column":65}},"19":{"start":{"line":41,"column":24},"end":{"line":41,"column":68}},"20":{"start":{"line":43,"column":24},"end":{"line":43,"column":89}},"21":{"start":{"line":45,"column":24},"end":{"line":45,"column":100}},"22":{"start":{"line":47,"column":24},"end":{"line":47,"column":115}},"23":{"start":{"line":49,"column":24},"end":{"line":49,"column":91}},"24":{"start":{"line":51,"column":24},"end":{"line":51,"column":99}},"25":{"start":{"line":53,"column":24},"end":{"line":53,"column":85}},"26":{"start":{"line":55,"column":24},"end":{"line":55,"column":80}},"27":{"start":{"line":57,"column":24},"end":{"line":57,"column":82}},"28":{"start":{"line":59,"column":24},"end":{"line":59,"column":85}},"29":{"start":{"line":61,"column":24},"end":{"line":61,"column":78}},"30":{"start":{"line":63,"column":24},"end":{"line":63,"column":78}},"31":{"start":{"line":65,"column":24},"end":{"line":65,"column":76}},"32":{"start":{"line":67,"column":24},"end":{"line":67,"column":31}},"33":{"start":{"line":72,"column":0},"end":{"line":121,"column":3}},"34":{"start":{"line":74,"column":8},"end":{"line":120,"column":11}},"35":{"start":{"line":76,"column":16},"end":{"line":119,"column":19}},"36":{"start":{"line":78,"column":24},"end":{"line":78,"column":52}},"37":{"start":{"line":80,"column":24},"end":{"line":80,"column":55}},"38":{"start":{"line":82,"column":24},"end":{"line":82,"column":103}},"39":{"start":{"line":84,"column":24},"end":{"line":84,"column":66}},"40":{"start":{"line":86,"column":24},"end":{"line":86,"column":64}},"41":{"start":{"line":88,"column":24},"end":{"line":88,"column":84}},"42":{"start":{"line":90,"column":24},"end":{"line":90,"column":95}},"43":{"start":{"line":92,"column":24},"end":{"line":92,"column":110}},"44":{"start":{"line":94,"column":24},"end":{"line":94,"column":86}},"45":{"start":{"line":96,"column":24},"end":{"line":96,"column":94}},"46":{"start":{"line":98,"column":24},"end":{"line":98,"column":80}},"47":{"start":{"line":100,"column":24},"end":{"line":100,"column":75}},"48":{"start":{"line":102,"column":24},"end":{"line":102,"column":77}},"49":{"start":{"line":104,"column":24},"end":{"line":104,"column":80}},"50":{"start":{"line":106,"column":24},"end":{"line":106,"column":73}},"51":{"start":{"line":108,"column":24},"end":{"line":108,"column":73}},"52":{"start":{"line":110,"column":24},"end":{"line":110,"column":71}},"53":{"start":{"line":112,"column":24},"end":{"line":112,"column":74}},"54":{"start":{"line":114,"column":24},"end":{"line":114,"column":71}},"55":{"start":{"line":116,"column":24},"end":{"line":116,"column":71}},"56":{"start":{"line":118,"column":24},"end":{"line":118,"column":31}},"57":{"start":{"line":123,"column":0},"end":{"line":256,"column":3}},"58":{"start":{"line":125,"column":24},"end":{"line":141,"column":9}},"59":{"start":{"line":143,"column":8},"end":{"line":187,"column":11}},"60":{"start":{"line":145,"column":16},"end":{"line":186,"column":19}},"61":{"start":{"line":147,"column":24},"end":{"line":147,"column":52}},"62":{"start":{"line":149,"column":24},"end":{"line":149,"column":55}},"63":{"start":{"line":151,"column":24},"end":{"line":151,"column":100}},"64":{"start":{"line":153,"column":24},"end":{"line":153,"column":87}},"65":{"start":{"line":155,"column":24},"end":{"line":155,"column":107}},"66":{"start":{"line":157,"column":24},"end":{"line":157,"column":128}},"67":{"start":{"line":159,"column":24},"end":{"line":159,"column":96}},"68":{"start":{"line":161,"column":24},"end":{"line":161,"column":92}},"69":{"start":{"line":163,"column":24},"end":{"line":163,"column":63}},"70":{"start":{"line":165,"column":24},"end":{"line":165,"column":80}},"71":{"start":{"line":167,"column":24},"end":{"line":167,"column":83}},"72":{"start":{"line":169,"column":24},"end":{"line":169,"column":76}},"73":{"start":{"line":171,"column":24},"end":{"line":171,"column":76}},"74":{"start":{"line":173,"column":24},"end":{"line":173,"column":63}},"75":{"start":{"line":175,"column":24},"end":{"line":175,"column":75}},"76":{"start":{"line":177,"column":24},"end":{"line":177,"column":79}},"77":{"start":{"line":179,"column":24},"end":{"line":179,"column":70}},"78":{"start":{"line":181,"column":24},"end":{"line":181,"column":90}},"79":{"start":{"line":183,"column":24},"end":{"line":183,"column":111}},"80":{"start":{"line":185,"column":24},"end":{"line":185,"column":31}},"81":{"start":{"line":189,"column":8},"end":{"line":255,"column":11}},"82":{"start":{"line":191,"column":16},"end":{"line":254,"column":19}},"83":{"start":{"line":193,"column":24},"end":{"line":193,"column":52}},"84":{"start":{"line":195,"column":24},"end":{"line":195,"column":55}},"85":{"start":{"line":197,"column":24},"end":{"line":197,"column":106}},"86":{"start":{"line":199,"column":24},"end":{"line":199,"column":68}},"87":{"start":{"line":201,"column":24},"end":{"line":201,"column":65}},"88":{"start":{"line":203,"column":24},"end":{"line":203,"column":68}},"89":{"start":{"line":205,"column":24},"end":{"line":205,"column":89}},"90":{"start":{"line":207,"column":24},"end":{"line":207,"column":100}},"91":{"start":{"line":209,"column":24},"end":{"line":209,"column":115}},"92":{"start":{"line":211,"column":24},"end":{"line":211,"column":91}},"93":{"start":{"line":213,"column":24},"end":{"line":213,"column":99}},"94":{"start":{"line":215,"column":24},"end":{"line":215,"column":85}},"95":{"start":{"line":217,"column":24},"end":{"line":217,"column":80}},"96":{"start":{"line":219,"column":24},"end":{"line":219,"column":82}},"97":{"start":{"line":221,"column":24},"end":{"line":221,"column":85}},"98":{"start":{"line":223,"column":24},"end":{"line":223,"column":78}},"99":{"start":{"line":225,"column":24},"end":{"line":225,"column":78}},"100":{"start":{"line":227,"column":24},"end":{"line":227,"column":76}},"101":{"start":{"line":229,"column":24},"end":{"line":229,"column":89}},"102":{"start":{"line":231,"column":24},"end":{"line":231,"column":109}},"103":{"start":{"line":233,"column":24},"end":{"line":233,"column":130}},"104":{"start":{"line":235,"column":24},"end":{"line":235,"column":98}},"105":{"start":{"line":237,"column":24},"end":{"line":237,"column":94}},"106":{"start":{"line":239,"column":24},"end":{"line":239,"column":85}},"107":{"start":{"line":241,"column":24},"end":{"line":241,"column":80}},"108":{"start":{"line":243,"column":24},"end":{"line":243,"column":82}},"109":{"start":{"line":245,"column":24},"end":{"line":245,"column":85}},"110":{"start":{"line":247,"column":24},"end":{"line":247,"column":78}},"111":{"start":{"line":249,"column":24},"end":{"line":249,"column":78}},"112":{"start":{"line":251,"column":24},"end":{"line":251,"column":76}},"113":{"start":{"line":253,"column":24},"end":{"line":253,"column":31}},"114":{"start":{"line":258,"column":0},"end":{"line":291,"column":3}},"115":{"start":{"line":260,"column":8},"end":{"line":290,"column":11}},"116":{"start":{"line":262,"column":16},"end":{"line":289,"column":19}},"117":{"start":{"line":264,"column":24},"end":{"line":264,"column":100}},"118":{"start":{"line":266,"column":24},"end":{"line":266,"column":120}},"119":{"start":{"line":268,"column":24},"end":{"line":268,"column":141}},"120":{"start":{"line":270,"column":24},"end":{"line":270,"column":109}},"121":{"start":{"line":272,"column":24},"end":{"line":272,"column":105}},"122":{"start":{"line":274,"column":24},"end":{"line":274,"column":96}},"123":{"start":{"line":276,"column":24},"end":{"line":276,"column":91}},"124":{"start":{"line":278,"column":24},"end":{"line":278,"column":80}},"125":{"start":{"line":280,"column":24},"end":{"line":280,"column":96}},"126":{"start":{"line":282,"column":24},"end":{"line":282,"column":89}},"127":{"start":{"line":284,"column":24},"end":{"line":284,"column":89}},"128":{"start":{"line":286,"column":24},"end":{"line":286,"column":87}},"129":{"start":{"line":288,"column":24},"end":{"line":288,"column":31}},"130":{"start":{"line":293,"column":0},"end":{"line":326,"column":3}},"131":{"start":{"line":295,"column":8},"end":{"line":325,"column":11}},"132":{"start":{"line":297,"column":16},"end":{"line":324,"column":19}},"133":{"start":{"line":299,"column":24},"end":{"line":299,"column":100}},"134":{"start":{"line":301,"column":24},"end":{"line":301,"column":120}},"135":{"start":{"line":303,"column":24},"end":{"line":303,"column":141}},"136":{"start":{"line":305,"column":24},"end":{"line":305,"column":109}},"137":{"start":{"line":307,"column":24},"end":{"line":307,"column":105}},"138":{"start":{"line":309,"column":24},"end":{"line":309,"column":96}},"139":{"start":{"line":311,"column":24},"end":{"line":311,"column":91}},"140":{"start":{"line":313,"column":24},"end":{"line":313,"column":80}},"141":{"start":{"line":315,"column":24},"end":{"line":315,"column":96}},"142":{"start":{"line":317,"column":24},"end":{"line":317,"column":89}},"143":{"start":{"line":319,"column":24},"end":{"line":319,"column":89}},"144":{"start":{"line":321,"column":24},"end":{"line":321,"column":87}},"145":{"start":{"line":323,"column":24},"end":{"line":323,"column":31}},"146":{"start":{"line":328,"column":0},"end":{"line":347,"column":3}},"147":{"start":{"line":330,"column":8},"end":{"line":346,"column":11}},"148":{"start":{"line":332,"column":16},"end":{"line":345,"column":19}},"149":{"start":{"line":334,"column":24},"end":{"line":334,"column":52}},"150":{"start":{"line":336,"column":24},"end":{"line":336,"column":55}},"151":{"start":{"line":338,"column":24},"end":{"line":338,"column":65}},"152":{"start":{"line":340,"column":24},"end":{"line":340,"column":63}},"153":{"start":{"line":342,"column":24},"end":{"line":342,"column":96}},"154":{"start":{"line":344,"column":24},"end":{"line":344,"column":31}},"155":{"start":{"line":349,"column":0},"end":{"line":368,"column":3}},"156":{"start":{"line":351,"column":8},"end":{"line":367,"column":11}},"157":{"start":{"line":353,"column":16},"end":{"line":366,"column":19}},"158":{"start":{"line":355,"column":24},"end":{"line":355,"column":52}},"159":{"start":{"line":357,"column":24},"end":{"line":357,"column":55}},"160":{"start":{"line":359,"column":24},"end":{"line":359,"column":65}},"161":{"start":{"line":361,"column":24},"end":{"line":361,"column":63}},"162":{"start":{"line":363,"column":24},"end":{"line":363,"column":101}},"163":{"start":{"line":365,"column":24},"end":{"line":365,"column":31}},"164":{"start":{"line":370,"column":0},"end":{"line":628,"column":3}},"165":{"start":{"line":372,"column":8},"end":{"line":376,"column":11}},"166":{"start":{"line":374,"column":16},"end":{"line":374,"column":64}},"167":{"start":{"line":375,"column":16},"end":{"line":375,"column":23}},"168":{"start":{"line":378,"column":8},"end":{"line":399,"column":11}},"169":{"start":{"line":380,"column":16},"end":{"line":398,"column":19}},"170":{"start":{"line":382,"column":24},"end":{"line":397,"column":27}},"171":{"start":{"line":384,"column":32},"end":{"line":384,"column":60}},"172":{"start":{"line":386,"column":32},"end":{"line":386,"column":63}},"173":{"start":{"line":388,"column":32},"end":{"line":388,"column":115}},"174":{"start":{"line":390,"column":32},"end":{"line":390,"column":84}},"175":{"start":{"line":392,"column":32},"end":{"line":392,"column":73}},"176":{"start":{"line":394,"column":32},"end":{"line":394,"column":76}},"177":{"start":{"line":396,"column":32},"end":{"line":396,"column":39}},"178":{"start":{"line":401,"column":8},"end":{"line":416,"column":11}},"179":{"start":{"line":403,"column":16},"end":{"line":415,"column":19}},"180":{"start":{"line":405,"column":24},"end":{"line":414,"column":27}},"181":{"start":{"line":407,"column":32},"end":{"line":407,"column":60}},"182":{"start":{"line":409,"column":32},"end":{"line":409,"column":63}},"183":{"start":{"line":411,"column":32},"end":{"line":411,"column":122}},"184":{"start":{"line":413,"column":32},"end":{"line":413,"column":39}},"185":{"start":{"line":418,"column":8},"end":{"line":481,"column":11}},"186":{"start":{"line":420,"column":31},"end":{"line":436,"column":17}},"187":{"start":{"line":438,"column":16},"end":{"line":480,"column":19}},"188":{"start":{"line":440,"column":24},"end":{"line":479,"column":27}},"189":{"start":{"line":442,"column":32},"end":{"line":442,"column":60}},"190":{"start":{"line":444,"column":32},"end":{"line":444,"column":63}},"191":{"start":{"line":446,"column":32},"end":{"line":446,"column":108}},"192":{"start":{"line":448,"column":32},"end":{"line":448,"column":110}},"193":{"start":{"line":450,"column":32},"end":{"line":450,"column":128}},"194":{"start":{"line":452,"column":32},"end":{"line":452,"column":97}},"195":{"start":{"line":454,"column":32},"end":{"line":454,"column":104}},"196":{"start":{"line":456,"column":32},"end":{"line":456,"column":71}},"197":{"start":{"line":458,"column":32},"end":{"line":458,"column":88}},"198":{"start":{"line":460,"column":32},"end":{"line":460,"column":91}},"199":{"start":{"line":462,"column":32},"end":{"line":462,"column":84}},"200":{"start":{"line":464,"column":32},"end":{"line":464,"column":84}},"201":{"start":{"line":466,"column":32},"end":{"line":466,"column":71}},"202":{"start":{"line":468,"column":32},"end":{"line":468,"column":87}},"203":{"start":{"line":470,"column":32},"end":{"line":470,"column":80}},"204":{"start":{"line":472,"column":32},"end":{"line":472,"column":78}},"205":{"start":{"line":474,"column":32},"end":{"line":474,"column":93}},"206":{"start":{"line":476,"column":32},"end":{"line":476,"column":111}},"207":{"start":{"line":478,"column":32},"end":{"line":478,"column":39}},"208":{"start":{"line":483,"column":8},"end":{"line":576,"column":11}},"209":{"start":{"line":485,"column":16},"end":{"line":555,"column":19}},"210":{"start":{"line":487,"column":39},"end":{"line":503,"column":25}},"211":{"start":{"line":505,"column":24},"end":{"line":505,"column":54}},"212":{"start":{"line":507,"column":24},"end":{"line":554,"column":27}},"213":{"start":{"line":515,"column":32},"end":{"line":515,"column":60}},"214":{"start":{"line":517,"column":32},"end":{"line":517,"column":65}},"215":{"start":{"line":519,"column":32},"end":{"line":519,"column":110}},"216":{"start":{"line":521,"column":32},"end":{"line":521,"column":74}},"217":{"start":{"line":523,"column":32},"end":{"line":523,"column":72}},"218":{"start":{"line":525,"column":32},"end":{"line":525,"column":92}},"219":{"start":{"line":527,"column":32},"end":{"line":527,"column":103}},"220":{"start":{"line":529,"column":32},"end":{"line":529,"column":128}},"221":{"start":{"line":531,"column":32},"end":{"line":531,"column":100}},"222":{"start":{"line":533,"column":32},"end":{"line":533,"column":97}},"223":{"start":{"line":535,"column":32},"end":{"line":535,"column":88}},"224":{"start":{"line":537,"column":32},"end":{"line":537,"column":90}},"225":{"start":{"line":539,"column":32},"end":{"line":539,"column":79}},"226":{"start":{"line":541,"column":32},"end":{"line":541,"column":79}},"227":{"start":{"line":543,"column":32},"end":{"line":543,"column":81}},"228":{"start":{"line":545,"column":32},"end":{"line":545,"column":81}},"229":{"start":{"line":547,"column":32},"end":{"line":547,"column":88}},"230":{"start":{"line":549,"column":32},"end":{"line":549,"column":85}},"231":{"start":{"line":551,"column":32},"end":{"line":551,"column":83}},"232":{"start":{"line":553,"column":32},"end":{"line":553,"column":39}},"233":{"start":{"line":557,"column":16},"end":{"line":575,"column":19}},"234":{"start":{"line":559,"column":24},"end":{"line":574,"column":27}},"235":{"start":{"line":567,"column":32},"end":{"line":567,"column":63}},"236":{"start":{"line":569,"column":32},"end":{"line":569,"column":73}},"237":{"start":{"line":571,"column":32},"end":{"line":571,"column":109}},"238":{"start":{"line":573,"column":32},"end":{"line":573,"column":39}},"239":{"start":{"line":578,"column":8},"end":{"line":627,"column":11}},"240":{"start":{"line":580,"column":16},"end":{"line":610,"column":19}},"241":{"start":{"line":582,"column":39},"end":{"line":598,"column":25}},"242":{"start":{"line":600,"column":24},"end":{"line":600,"column":54}},"243":{"start":{"line":602,"column":24},"end":{"line":609,"column":27}},"244":{"start":{"line":604,"column":32},"end":{"line":604,"column":60}},"245":{"start":{"line":606,"column":32},"end":{"line":606,"column":63}},"246":{"start":{"line":608,"column":32},"end":{"line":608,"column":39}},"247":{"start":{"line":612,"column":16},"end":{"line":626,"column":19}},"248":{"start":{"line":614,"column":24},"end":{"line":625,"column":27}},"249":{"start":{"line":616,"column":32},"end":{"line":616,"column":60}},"250":{"start":{"line":618,"column":32},"end":{"line":618,"column":63}},"251":{"start":{"line":620,"column":32},"end":{"line":620,"column":73}},"252":{"start":{"line":622,"column":32},"end":{"line":622,"column":108}},"253":{"start":{"line":624,"column":32},"end":{"line":624,"column":39}}},"fnMap":{"0":{"name":"_interopRequireDefault","decl":{"start":{"line":17,"column":9},"end":{"line":17,"column":31}},"loc":{"start":{"line":17,"column":37},"end":{"line":17,"column":95}},"line":17},"1":{"name":"(anonymous_1)","decl":{"start":{"line":25,"column":36},"end":{"line":25,"column":37}},"loc":{"start":{"line":25,"column":48},"end":{"line":70,"column":1}},"line":25},"2":{"name":"(anonymous_2)","decl":{"start":{"line":27,"column":54},"end":{"line":27,"column":55}},"loc":{"start":{"line":27,"column":70},"end":{"line":69,"column":9}},"line":27},"3":{"name":"(anonymous_3)","decl":{"start":{"line":29,"column":84},"end":{"line":29,"column":85}},"loc":{"start":{"line":29,"column":104},"end":{"line":68,"column":17}},"line":29},"4":{"name":"(anonymous_4)","decl":{"start":{"line":72,"column":48},"end":{"line":72,"column":49}},"loc":{"start":{"line":72,"column":60},"end":{"line":121,"column":1}},"line":72},"5":{"name":"(anonymous_5)","decl":{"start":{"line":74,"column":67},"end":{"line":74,"column":68}},"loc":{"start":{"line":74,"column":83},"end":{"line":120,"column":9}},"line":74},"6":{"name":"(anonymous_6)","decl":{"start":{"line":76,"column":86},"end":{"line":76,"column":87}},"loc":{"start":{"line":76,"column":106},"end":{"line":119,"column":17}},"line":76},"7":{"name":"(anonymous_7)","decl":{"start":{"line":123,"column":37},"end":{"line":123,"column":38}},"loc":{"start":{"line":123,"column":49},"end":{"line":256,"column":1}},"line":123},"8":{"name":"(anonymous_8)","decl":{"start":{"line":143,"column":65},"end":{"line":143,"column":66}},"loc":{"start":{"line":143,"column":81},"end":{"line":187,"column":9}},"line":143},"9":{"name":"(anonymous_9)","decl":{"start":{"line":145,"column":102},"end":{"line":145,"column":103}},"loc":{"start":{"line":145,"column":122},"end":{"line":186,"column":17}},"line":145},"10":{"name":"(anonymous_10)","decl":{"start":{"line":189,"column":78},"end":{"line":189,"column":79}},"loc":{"start":{"line":189,"column":94},"end":{"line":255,"column":9}},"line":189},"11":{"name":"(anonymous_11)","decl":{"start":{"line":191,"column":84},"end":{"line":191,"column":85}},"loc":{"start":{"line":191,"column":104},"end":{"line":254,"column":17}},"line":191},"12":{"name":"(anonymous_12)","decl":{"start":{"line":258,"column":49},"end":{"line":258,"column":50}},"loc":{"start":{"line":258,"column":61},"end":{"line":291,"column":1}},"line":258},"13":{"name":"(anonymous_13)","decl":{"start":{"line":260,"column":72},"end":{"line":260,"column":73}},"loc":{"start":{"line":260,"column":88},"end":{"line":290,"column":9}},"line":260},"14":{"name":"(anonymous_14)","decl":{"start":{"line":262,"column":101},"end":{"line":262,"column":102}},"loc":{"start":{"line":262,"column":121},"end":{"line":289,"column":17}},"line":262},"15":{"name":"(anonymous_15)","decl":{"start":{"line":293,"column":49},"end":{"line":293,"column":50}},"loc":{"start":{"line":293,"column":61},"end":{"line":326,"column":1}},"line":293},"16":{"name":"(anonymous_16)","decl":{"start":{"line":295,"column":72},"end":{"line":295,"column":73}},"loc":{"start":{"line":295,"column":88},"end":{"line":325,"column":9}},"line":295},"17":{"name":"(anonymous_17)","decl":{"start":{"line":297,"column":105},"end":{"line":297,"column":106}},"loc":{"start":{"line":297,"column":125},"end":{"line":324,"column":17}},"line":297},"18":{"name":"(anonymous_18)","decl":{"start":{"line":328,"column":49},"end":{"line":328,"column":50}},"loc":{"start":{"line":328,"column":61},"end":{"line":347,"column":1}},"line":328},"19":{"name":"(anonymous_19)","decl":{"start":{"line":330,"column":88},"end":{"line":330,"column":89}},"loc":{"start":{"line":330,"column":104},"end":{"line":346,"column":9}},"line":330},"20":{"name":"(anonymous_20)","decl":{"start":{"line":332,"column":101},"end":{"line":332,"column":102}},"loc":{"start":{"line":332,"column":121},"end":{"line":345,"column":17}},"line":332},"21":{"name":"(anonymous_21)","decl":{"start":{"line":349,"column":49},"end":{"line":349,"column":50}},"loc":{"start":{"line":349,"column":61},"end":{"line":368,"column":1}},"line":349},"22":{"name":"(anonymous_22)","decl":{"start":{"line":351,"column":88},"end":{"line":351,"column":89}},"loc":{"start":{"line":351,"column":104},"end":{"line":367,"column":9}},"line":351},"23":{"name":"(anonymous_23)","decl":{"start":{"line":353,"column":105},"end":{"line":353,"column":106}},"loc":{"start":{"line":353,"column":125},"end":{"line":366,"column":17}},"line":353},"24":{"name":"(anonymous_24)","decl":{"start":{"line":370,"column":34},"end":{"line":370,"column":35}},"loc":{"start":{"line":370,"column":46},"end":{"line":628,"column":1}},"line":370},"25":{"name":"(anonymous_25)","decl":{"start":{"line":372,"column":19},"end":{"line":372,"column":20}},"loc":{"start":{"line":372,"column":35},"end":{"line":376,"column":9}},"line":372},"26":{"name":"(anonymous_26)","decl":{"start":{"line":378,"column":44},"end":{"line":378,"column":45}},"loc":{"start":{"line":378,"column":56},"end":{"line":399,"column":9}},"line":378},"27":{"name":"(anonymous_27)","decl":{"start":{"line":380,"column":91},"end":{"line":380,"column":92}},"loc":{"start":{"line":380,"column":107},"end":{"line":398,"column":17}},"line":380},"28":{"name":"(anonymous_28)","decl":{"start":{"line":382,"column":92},"end":{"line":382,"column":93}},"loc":{"start":{"line":382,"column":112},"end":{"line":397,"column":25}},"line":382},"29":{"name":"(anonymous_29)","decl":{"start":{"line":401,"column":56},"end":{"line":401,"column":57}},"loc":{"start":{"line":401,"column":68},"end":{"line":416,"column":9}},"line":401},"30":{"name":"(anonymous_30)","decl":{"start":{"line":403,"column":85},"end":{"line":403,"column":86}},"loc":{"start":{"line":403,"column":101},"end":{"line":415,"column":17}},"line":403},"31":{"name":"(anonymous_31)","decl":{"start":{"line":405,"column":94},"end":{"line":405,"column":95}},"loc":{"start":{"line":405,"column":114},"end":{"line":414,"column":25}},"line":405},"32":{"name":"(anonymous_32)","decl":{"start":{"line":418,"column":45},"end":{"line":418,"column":46}},"loc":{"start":{"line":418,"column":57},"end":{"line":481,"column":9}},"line":418},"33":{"name":"(anonymous_33)","decl":{"start":{"line":438,"column":95},"end":{"line":438,"column":96}},"loc":{"start":{"line":438,"column":111},"end":{"line":480,"column":17}},"line":438},"34":{"name":"(anonymous_34)","decl":{"start":{"line":440,"column":108},"end":{"line":440,"column":109}},"loc":{"start":{"line":440,"column":128},"end":{"line":479,"column":25}},"line":440},"35":{"name":"(anonymous_35)","decl":{"start":{"line":483,"column":56},"end":{"line":483,"column":57}},"loc":{"start":{"line":483,"column":68},"end":{"line":576,"column":9}},"line":483},"36":{"name":"(anonymous_36)","decl":{"start":{"line":485,"column":79},"end":{"line":485,"column":80}},"loc":{"start":{"line":485,"column":95},"end":{"line":555,"column":17}},"line":485},"37":{"name":"(anonymous_37)","decl":{"start":{"line":513,"column":31},"end":{"line":513,"column":32}},"loc":{"start":{"line":513,"column":51},"end":{"line":554,"column":25}},"line":513},"38":{"name":"(anonymous_38)","decl":{"start":{"line":557,"column":92},"end":{"line":557,"column":93}},"loc":{"start":{"line":557,"column":108},"end":{"line":575,"column":17}},"line":557},"39":{"name":"(anonymous_39)","decl":{"start":{"line":565,"column":31},"end":{"line":565,"column":32}},"loc":{"start":{"line":565,"column":51},"end":{"line":574,"column":25}},"line":565},"40":{"name":"(anonymous_40)","decl":{"start":{"line":578,"column":59},"end":{"line":578,"column":60}},"loc":{"start":{"line":578,"column":71},"end":{"line":627,"column":9}},"line":578},"41":{"name":"(anonymous_41)","decl":{"start":{"line":580,"column":69},"end":{"line":580,"column":70}},"loc":{"start":{"line":580,"column":85},"end":{"line":610,"column":17}},"line":580},"42":{"name":"(anonymous_42)","decl":{"start":{"line":602,"column":97},"end":{"line":602,"column":98}},"loc":{"start":{"line":602,"column":117},"end":{"line":609,"column":25}},"line":602},"43":{"name":"(anonymous_43)","decl":{"start":{"line":612,"column":79},"end":{"line":612,"column":80}},"loc":{"start":{"line":612,"column":95},"end":{"line":626,"column":17}},"line":612},"44":{"name":"(anonymous_44)","decl":{"start":{"line":614,"column":97},"end":{"line":614,"column":98}},"loc":{"start":{"line":614,"column":117},"end":{"line":625,"column":25}},"line":614}},"branchMap":{"0":{"loc":{"start":{"line":17,"column":46},"end":{"line":17,"column":92}},"type":"cond-expr","locations":[{"start":{"line":17,"column":70},"end":{"line":17,"column":73}},{"start":{"line":17,"column":76},"end":{"line":17,"column":92}}],"line":17},"1":{"loc":{"start":{"line":17,"column":46},"end":{"line":17,"column":67}},"type":"binary-expr","locations":[{"start":{"line":17,"column":46},"end":{"line":17,"column":49}},{"start":{"line":17,"column":53},"end":{"line":17,"column":67}}],"line":17}},"s":{"0":1,"1":1,"2":1,"3":1,"4":1,"5":1,"6":1,"7":3,"8":1,"9":1,"10":1,"11":1,"12":1,"13":1,"14":1,"15":1,"16":1,"17":1,"18":1,"19":1,"20":1,"21":1,"22":1,"23":1,"24":1,"25":1,"26":1,"27":1,"28":1,"29":1,"30":1,"31":1,"32":1,"33":1,"34":1,"35":1,"36":1,"37":1,"38":1,"39":1,"40":1,"41":1,"42":1,"43":1,"44":1,"45":1,"46":1,"47":1,"48":1,"49":1,"50":1,"51":1,"52":1,"53":1,"54":1,"55":1,"56":1,"57":1,"58":1,"59":1,"60":1,"61":1,"62":1,"63":1,"64":1,"65":1,"66":1,"67":1,"68":1,"69":1,"70":1,"71":1,"72":1,"73":1,"74":1,"75":1,"76":1,"77":1,"78":1,"79":1,"80":1,"81":1,"82":1,"83":1,"84":1,"85":1,"86":1,"87":1,"88":1,"89":1,"90":1,"91":1,"92":1,"93":1,"94":1,"95":1,"96":1,"97":1,"98":1,"99":1,"100":1,"101":1,"102":1,"103":1,"104":1,"105":1,"106":1,"107":1,"108":1,"109":1,"110":1,"111":1,"112":1,"113":1,"114":1,"115":1,"116":1,"117":1,"118":1,"119":1,"120":1,"121":1,"122":1,"123":1,"124":1,"125":1,"126":1,"127":1,"128":1,"129":1,"130":1,"131":1,"132":1,"133":1,"134":1,"135":1,"136":1,"137":1,"138":1,"139":1,"140":1,"141":1,"142":1,"143":1,"144":1,"145":1,"146":1,"147":1,"148":1,"149":1,"150":1,"151":1,"152":1,"153":1,"154":1,"155":1,"156":1,"157":1,"158":1,"159":1,"160":1,"161":1,"162":1,"163":1,"164":1,"165":1,"166":7,"167":7,"168":1,"169":1,"170":1,"171":1,"172":1,"173":1,"174":1,"175":1,"176":1,"177":1,"178":1,"179":1,"180":1,"181":1,"182":1,"183":1,"184":1,"185":1,"186":1,"187":1,"188":1,"189":1,"190":1,"191":1,"192":1,"193":1,"194":1,"195":1,"196":1,"197":1,"198":1,"199":1,"200":1,"201":1,"202":1,"203":1,"204":1,"205":1,"206":1,"207":1,"208":1,"209":1,"210":1,"211":1,"212":1,"213":1,"214":1,"215":1,"216":1,"217":1,"218":1,"219":1,"220":1,"221":1,"222":1,"223":1,"224":1,"225":1,"226":1,"227":1,"228":1,"229":1,"230":1,"231":1,"232":1,"233":1,"234":1,"235":1,"236":1,"237":1,"238":1,"239":1,"240":1,"241":1,"242":1,"243":1,"244":1,"245":1,"246":1,"247":1,"248":1,"249":1,"250":1,"251":1,"252":1,"253":1},"f":{"0":3,"1":1,"2":1,"3":1,"4":1,"5":1,"6":1,"7":1,"8":1,"9":1,"10":1,"11":1,"12":1,"13":1,"14":1,"15":1,"16":1,"17":1,"18":1,"19":1,"20":1,"21":1,"22":1,"23":1,"24":1,"25":7,"26":1,"27":1,"28":1,"29":1,"30":1,"31":1,"32":1,"33":1,"34":1,"35":1,"36":1,"37":1,"38":1,"39":1,"40":1,"41":1,"42":1,"43":1,"44":1},"b":{"0":[1,2],"1":[3,3]},"_coverageSchema":"332fd63041d2c1bcb487cc26dd0d5f7d97098a6c","hash":"c55d99f7dc41801e5d897e18244c9f3a2072f809","contentHash":"a807a136d7496c40b12bfa60e3e4d37f_11.6.0"},"C:\\py\\WEConnect\\server\\lib\\app.js":{"path":"C:\\py\\WEConnect\\server\\lib\\app.js","statementMap":{"0":{"start":{"line":3,"column":0},"end":{"line":5,"column":3}},"1":{"start":{"line":7,"column":15},"end":{"line":7,"column":33}},"2":{"start":{"line":9,"column":16},"end":{"line":9,"column":48}},"3":{"start":{"line":11,"column":14},"end":{"line":11,"column":31}},"4":{"start":{"line":13,"column":15},"end":{"line":13,"column":46}},"5":{"start":{"line":15,"column":18},"end":{"line":15,"column":40}},"6":{"start":{"line":17,"column":19},"end":{"line":17,"column":54}},"7":{"start":{"line":19,"column":14},"end":{"line":19,"column":40}},"8":{"start":{"line":21,"column":15},"end":{"line":21,"column":46}},"9":{"start":{"line":23,"column":39},"end":{"line":23,"column":93}},"10":{"start":{"line":25,"column":10},"end":{"line":25,"column":34}},"11":{"start":{"line":27,"column":0},"end":{"line":27,"column":37}},"12":{"start":{"line":29,"column":0},"end":{"line":29,"column":38}},"13":{"start":{"line":31,"column":0},"end":{"line":31,"column":61}},"14":{"start":{"line":33,"column":11},"end":{"line":33,"column":35}},"15":{"start":{"line":35,"column":0},"end":{"line":35,"column":37}},"16":{"start":{"line":37,"column":0},"end":{"line":39,"column":3}},"17":{"start":{"line":38,"column":2},"end":{"line":38,"column":54}},"18":{"start":{"line":41,"column":0},"end":{"line":41,"column":22}}},"fnMap":{"0":{"name":"_interopRequireDefault","decl":{"start":{"line":23,"column":9},"end":{"line":23,"column":31}},"loc":{"start":{"line":23,"column":37},"end":{"line":23,"column":95}},"line":23},"1":{"name":"(anonymous_1)","decl":{"start":{"line":37,"column":17},"end":{"line":37,"column":18}},"loc":{"start":{"line":37,"column":29},"end":{"line":39,"column":1}},"line":37}},"branchMap":{"0":{"loc":{"start":{"line":23,"column":46},"end":{"line":23,"column":92}},"type":"cond-expr","locations":[{"start":{"line":23,"column":70},"end":{"line":23,"column":73}},{"start":{"line":23,"column":76},"end":{"line":23,"column":92}}],"line":23},"1":{"loc":{"start":{"line":23,"column":46},"end":{"line":23,"column":67}},"type":"binary-expr","locations":[{"start":{"line":23,"column":46},"end":{"line":23,"column":49}},{"start":{"line":23,"column":53},"end":{"line":23,"column":67}}],"line":23},"2":{"loc":{"start":{"line":33,"column":11},"end":{"line":33,"column":35}},"type":"binary-expr","locations":[{"start":{"line":33,"column":11},"end":{"line":33,"column":27}},{"start":{"line":33,"column":31},"end":{"line":33,"column":35}}],"line":33}},"s":{"0":1,"1":1,"2":1,"3":1,"4":1,"5":1,"6":1,"7":1,"8":1,"9":4,"10":1,"11":1,"12":1,"13":1,"14":1,"15":1,"16":1,"17":1,"18":1},"f":{"0":4,"1":1},"b":{"0":[1,3],"1":[4,4],"2":[1,1]},"_coverageSchema":"332fd63041d2c1bcb487cc26dd0d5f7d97098a6c","hash":"b3fe8708a1db87f4fb5fb30354ccd134346dd517","contentHash":"08c56674d3cbb41e7b5f4675c0e117bc_11.6.0"},"C:\\py\\WEConnect\\server\\lib\\routes\\routes.js":{"path":"C:\\py\\WEConnect\\server\\lib\\routes\\routes.js","statementMap":{"0":{"start":{"line":3,"column":0},"end":{"line":5,"column":3}},"1":{"start":{"line":7,"column":15},"end":{"line":7,"column":33}},"2":{"start":{"line":9,"column":16},"end":{"line":9,"column":48}},"3":{"start":{"line":11,"column":26},"end":{"line":11,"column":70}},"4":{"start":{"line":13,"column":27},"end":{"line":13,"column":70}},"5":{"start":{"line":15,"column":24},"end":{"line":15,"column":66}},"6":{"start":{"line":17,"column":25},"end":{"line":17,"column":66}},"7":{"start":{"line":19,"column":22},"end":{"line":19,"column":62}},"8":{"start":{"line":21,"column":23},"end":{"line":21,"column":62}},"9":{"start":{"line":23,"column":22},"end":{"line":23,"column":62}},"10":{"start":{"line":25,"column":23},"end":{"line":25,"column":62}},"11":{"start":{"line":27,"column":26},"end":{"line":27,"column":70}},"12":{"start":{"line":29,"column":27},"end":{"line":29,"column":70}},"13":{"start":{"line":31,"column":39},"end":{"line":31,"column":93}},"14":{"start":{"line":33,"column":23},"end":{"line":33,"column":68}},"15":{"start":{"line":34,"column":22},"end":{"line":34,"column":66}},"16":{"start":{"line":35,"column":21},"end":{"line":35,"column":64}},"17":{"start":{"line":36,"column":21},"end":{"line":36,"column":64}},"18":{"start":{"line":37,"column":21},"end":{"line":37,"column":64}},"19":{"start":{"line":38,"column":29},"end":{"line":38,"column":80}},"20":{"start":{"line":39,"column":29},"end":{"line":39,"column":80}},"21":{"start":{"line":40,"column":16},"end":{"line":40,"column":52}},"22":{"start":{"line":41,"column":20},"end":{"line":41,"column":60}},"23":{"start":{"line":42,"column":16},"end":{"line":42,"column":50}},"24":{"start":{"line":43,"column":17},"end":{"line":43,"column":52}},"25":{"start":{"line":44,"column":21},"end":{"line":44,"column":60}},"26":{"start":{"line":45,"column":23},"end":{"line":45,"column":68}},"27":{"start":{"line":46,"column":29},"end":{"line":46,"column":80}},"28":{"start":{"line":49,"column":13},"end":{"line":49,"column":39}},"29":{"start":{"line":51,"column":0},"end":{"line":51,"column":92}},"30":{"start":{"line":53,"column":0},"end":{"line":53,"column":55}},"31":{"start":{"line":55,"column":0},"end":{"line":55,"column":61}},"32":{"start":{"line":57,"column":0},"end":{"line":57,"column":78}},"33":{"start":{"line":59,"column":0},"end":{"line":59,"column":57}},"34":{"start":{"line":61,"column":0},"end":{"line":61,"column":58}},"35":{"start":{"line":63,"column":0},"end":{"line":63,"column":61}},"36":{"start":{"line":65,"column":0},"end":{"line":65,"column":38}},"37":{"start":{"line":67,"column":0},"end":{"line":67,"column":56}},"38":{"start":{"line":69,"column":0},"end":{"line":69,"column":25}}},"fnMap":{"0":{"name":"_interopRequireDefault","decl":{"start":{"line":31,"column":9},"end":{"line":31,"column":31}},"loc":{"start":{"line":31,"column":37},"end":{"line":31,"column":95}},"line":31}},"branchMap":{"0":{"loc":{"start":{"line":31,"column":46},"end":{"line":31,"column":92}},"type":"cond-expr","locations":[{"start":{"line":31,"column":70},"end":{"line":31,"column":73}},{"start":{"line":31,"column":76},"end":{"line":31,"column":92}}],"line":31},"1":{"loc":{"start":{"line":31,"column":46},"end":{"line":31,"column":67}},"type":"binary-expr","locations":[{"start":{"line":31,"column":46},"end":{"line":31,"column":49}},{"start":{"line":31,"column":53},"end":{"line":31,"column":67}}],"line":31}},"s":{"0":1,"1":1,"2":1,"3":1,"4":1,"5":1,"6":1,"7":1,"8":1,"9":1,"10":1,"11":1,"12":1,"13":6,"14":1,"15":1,"16":1,"17":1,"18":1,"19":1,"20":1,"21":1,"22":1,"23":1,"24":1,"25":1,"26":1,"27":1,"28":1,"29":1,"30":1,"31":1,"32":1,"33":1,"34":1,"35":1,"36":1,"37":1,"38":1},"f":{"0":6},"b":{"0":[5,1],"1":[6,6]},"_coverageSchema":"332fd63041d2c1bcb487cc26dd0d5f7d97098a6c","hash":"7b5f7897f27ee50fac90a706e7cc2043684aa8e4","contentHash":"4b54db41b076ce4d13cc9c2e69450db5_11.6.0"},"C:\\py\\WEConnect\\server\\lib\\controllers\\businessController.js":{"path":"C:\\py\\WEConnect\\server\\lib\\controllers\\businessController.js","statementMap":{"0":{"start":{"line":3,"column":0},"end":{"line":5,"column":3}},"1":{"start":{"line":7,"column":19},"end":{"line":7,"column":563}},"2":{"start":{"line":7,"column":76},"end":{"line":7,"column":347}},"3":{"start":{"line":7,"column":134},"end":{"line":7,"column":142}},"4":{"start":{"line":7,"column":144},"end":{"line":7,"column":199}},"5":{"start":{"line":7,"column":200},"end":{"line":7,"column":231}},"6":{"start":{"line":7,"column":232},"end":{"line":7,"column":286}},"7":{"start":{"line":7,"column":259},"end":{"line":7,"column":286}},"8":{"start":{"line":7,"column":287},"end":{"line":7,"column":345}},"9":{"start":{"line":7,"column":350},"end":{"line":7,"column":559}},"10":{"start":{"line":7,"column":407},"end":{"line":7,"column":475}},"11":{"start":{"line":7,"column":423},"end":{"line":7,"column":475}},"12":{"start":{"line":7,"column":476},"end":{"line":7,"column":536}},"13":{"start":{"line":7,"column":493},"end":{"line":7,"column":536}},"14":{"start":{"line":7,"column":537},"end":{"line":7,"column":556}},"15":{"start":{"line":9,"column":10},"end":{"line":9,"column":34}},"16":{"start":{"line":11,"column":50},"end":{"line":11,"column":151}},"17":{"start":{"line":11,"column":92},"end":{"line":11,"column":149}},"18":{"start":{"line":19,"column":25},"end":{"line":312,"column":3}},"19":{"start":{"line":21,"column":8},"end":{"line":21,"column":50}},"20":{"start":{"line":24,"column":4},"end":{"line":309,"column":8}},"21":{"start":{"line":41,"column":12},"end":{"line":44,"column":13}},"22":{"start":{"line":43,"column":16},"end":{"line":43,"column":123}},"23":{"start":{"line":46,"column":12},"end":{"line":46,"column":106}},"24":{"start":{"line":65,"column":21},"end":{"line":65,"column":42}},"25":{"start":{"line":67,"column":27},"end":{"line":69,"column":14}},"26":{"start":{"line":68,"column":16},"end":{"line":68,"column":56}},"27":{"start":{"line":71,"column":12},"end":{"line":74,"column":13}},"28":{"start":{"line":73,"column":16},"end":{"line":73,"column":111}},"29":{"start":{"line":76,"column":12},"end":{"line":76,"column":95}},"30":{"start":{"line":95,"column":29},"end":{"line":95,"column":119}},"31":{"start":{"line":97,"column":28},"end":{"line":97,"column":36}},"32":{"start":{"line":98,"column":31},"end":{"line":98,"column":53}},"33":{"start":{"line":99,"column":34},"end":{"line":99,"column":59}},"34":{"start":{"line":100,"column":38},"end":{"line":100,"column":67}},"35":{"start":{"line":101,"column":27},"end":{"line":101,"column":45}},"36":{"start":{"line":102,"column":27},"end":{"line":102,"column":45}},"37":{"start":{"line":103,"column":25},"end":{"line":103,"column":41}},"38":{"start":{"line":106,"column":30},"end":{"line":124,"column":13}},"39":{"start":{"line":126,"column":12},"end":{"line":126,"column":45}},"40":{"start":{"line":128,"column":12},"end":{"line":128,"column":110}},"41":{"start":{"line":147,"column":21},"end":{"line":147,"column":42}},"42":{"start":{"line":149,"column":27},"end":{"line":151,"column":14}},"43":{"start":{"line":150,"column":16},"end":{"line":150,"column":56}},"44":{"start":{"line":153,"column":12},"end":{"line":156,"column":13}},"45":{"start":{"line":155,"column":16},"end":{"line":155,"column":112}},"46":{"start":{"line":158,"column":32},"end":{"line":158,"column":64}},"47":{"start":{"line":160,"column":29},"end":{"line":160,"column":37}},"48":{"start":{"line":161,"column":31},"end":{"line":161,"column":54}},"49":{"start":{"line":162,"column":34},"end":{"line":162,"column":60}},"50":{"start":{"line":163,"column":38},"end":{"line":163,"column":68}},"51":{"start":{"line":164,"column":27},"end":{"line":164,"column":46}},"52":{"start":{"line":165,"column":27},"end":{"line":165,"column":46}},"53":{"start":{"line":166,"column":25},"end":{"line":166,"column":42}},"54":{"start":{"line":169,"column":12},"end":{"line":172,"column":13}},"55":{"start":{"line":171,"column":16},"end":{"line":171,"column":53}},"56":{"start":{"line":174,"column":12},"end":{"line":177,"column":13}},"57":{"start":{"line":176,"column":16},"end":{"line":176,"column":59}},"58":{"start":{"line":179,"column":12},"end":{"line":182,"column":13}},"59":{"start":{"line":181,"column":16},"end":{"line":181,"column":67}},"60":{"start":{"line":184,"column":12},"end":{"line":187,"column":13}},"61":{"start":{"line":186,"column":16},"end":{"line":186,"column":45}},"62":{"start":{"line":189,"column":12},"end":{"line":192,"column":13}},"63":{"start":{"line":191,"column":16},"end":{"line":191,"column":45}},"64":{"start":{"line":194,"column":12},"end":{"line":197,"column":13}},"65":{"start":{"line":196,"column":16},"end":{"line":196,"column":41}},"66":{"start":{"line":199,"column":12},"end":{"line":199,"column":53}},"67":{"start":{"line":201,"column":12},"end":{"line":201,"column":94}},"68":{"start":{"line":220,"column":21},"end":{"line":220,"column":42}},"69":{"start":{"line":222,"column":27},"end":{"line":224,"column":14}},"70":{"start":{"line":223,"column":16},"end":{"line":223,"column":56}},"71":{"start":{"line":226,"column":12},"end":{"line":229,"column":13}},"72":{"start":{"line":228,"column":16},"end":{"line":228,"column":111}},"73":{"start":{"line":231,"column":12},"end":{"line":231,"column":71}},"74":{"start":{"line":233,"column":12},"end":{"line":233,"column":117}},"75":{"start":{"line":252,"column":27},"end":{"line":252,"column":45}},"76":{"start":{"line":255,"column":12},"end":{"line":267,"column":13}},"77":{"start":{"line":257,"column":44},"end":{"line":259,"column":18}},"78":{"start":{"line":258,"column":20},"end":{"line":258,"column":62}},"79":{"start":{"line":261,"column":16},"end":{"line":264,"column":17}},"80":{"start":{"line":263,"column":20},"end":{"line":263,"column":115}},"81":{"start":{"line":266,"column":16},"end":{"line":266,"column":128}},"82":{"start":{"line":269,"column":12},"end":{"line":269,"column":26}},"83":{"start":{"line":290,"column":27},"end":{"line":290,"column":45}},"84":{"start":{"line":293,"column":12},"end":{"line":305,"column":13}},"85":{"start":{"line":295,"column":44},"end":{"line":297,"column":18}},"86":{"start":{"line":296,"column":20},"end":{"line":296,"column":62}},"87":{"start":{"line":299,"column":16},"end":{"line":302,"column":17}},"88":{"start":{"line":301,"column":20},"end":{"line":301,"column":116}},"89":{"start":{"line":304,"column":16},"end":{"line":304,"column":128}},"90":{"start":{"line":307,"column":12},"end":{"line":307,"column":19}},"91":{"start":{"line":311,"column":4},"end":{"line":311,"column":30}},"92":{"start":{"line":314,"column":0},"end":{"line":314,"column":37}}},"fnMap":{"0":{"name":"(anonymous_0)","decl":{"start":{"line":7,"column":19},"end":{"line":7,"column":20}},"loc":{"start":{"line":7,"column":31},"end":{"line":7,"column":561}},"line":7},"1":{"name":"defineProperties","decl":{"start":{"line":7,"column":42},"end":{"line":7,"column":58}},"loc":{"start":{"line":7,"column":74},"end":{"line":7,"column":349}},"line":7},"2":{"name":"(anonymous_2)","decl":{"start":{"line":7,"column":357},"end":{"line":7,"column":358}},"loc":{"start":{"line":7,"column":405},"end":{"line":7,"column":558}},"line":7},"3":{"name":"_classCallCheck","decl":{"start":{"line":11,"column":9},"end":{"line":11,"column":24}},"loc":{"start":{"line":11,"column":48},"end":{"line":11,"column":153}},"line":11},"4":{"name":"(anonymous_4)","decl":{"start":{"line":19,"column":25},"end":{"line":19,"column":26}},"loc":{"start":{"line":19,"column":37},"end":{"line":312,"column":1}},"line":19},"5":{"name":"BusinessController","decl":{"start":{"line":20,"column":13},"end":{"line":20,"column":31}},"loc":{"start":{"line":20,"column":34},"end":{"line":22,"column":5}},"line":20},"6":{"name":"getAllBusinesses","decl":{"start":{"line":39,"column":24},"end":{"line":39,"column":40}},"loc":{"start":{"line":39,"column":51},"end":{"line":47,"column":9}},"line":39},"7":{"name":"getBusinessById","decl":{"start":{"line":63,"column":24},"end":{"line":63,"column":39}},"loc":{"start":{"line":63,"column":50},"end":{"line":77,"column":9}},"line":63},"8":{"name":"(anonymous_8)","decl":{"start":{"line":67,"column":47},"end":{"line":67,"column":48}},"loc":{"start":{"line":67,"column":71},"end":{"line":69,"column":13}},"line":67},"9":{"name":"createBusiness","decl":{"start":{"line":93,"column":24},"end":{"line":93,"column":38}},"loc":{"start":{"line":93,"column":49},"end":{"line":129,"column":9}},"line":93},"10":{"name":"updateBusiness","decl":{"start":{"line":145,"column":24},"end":{"line":145,"column":38}},"loc":{"start":{"line":145,"column":49},"end":{"line":202,"column":9}},"line":145},"11":{"name":"(anonymous_11)","decl":{"start":{"line":149,"column":47},"end":{"line":149,"column":48}},"loc":{"start":{"line":149,"column":71},"end":{"line":151,"column":13}},"line":149},"12":{"name":"removeBusiness","decl":{"start":{"line":218,"column":24},"end":{"line":218,"column":38}},"loc":{"start":{"line":218,"column":49},"end":{"line":234,"column":9}},"line":218},"13":{"name":"(anonymous_13)","decl":{"start":{"line":222,"column":47},"end":{"line":222,"column":48}},"loc":{"start":{"line":222,"column":71},"end":{"line":224,"column":13}},"line":222},"14":{"name":"filterSearchByLocation","decl":{"start":{"line":251,"column":24},"end":{"line":251,"column":46}},"loc":{"start":{"line":251,"column":63},"end":{"line":270,"column":9}},"line":251},"15":{"name":"(anonymous_15)","decl":{"start":{"line":257,"column":66},"end":{"line":257,"column":67}},"loc":{"start":{"line":257,"column":90},"end":{"line":259,"column":17}},"line":257},"16":{"name":"filterSearchByCategory","decl":{"start":{"line":289,"column":24},"end":{"line":289,"column":46}},"loc":{"start":{"line":289,"column":63},"end":{"line":308,"column":9}},"line":289},"17":{"name":"(anonymous_17)","decl":{"start":{"line":295,"column":66},"end":{"line":295,"column":67}},"loc":{"start":{"line":295,"column":90},"end":{"line":297,"column":17}},"line":295}},"branchMap":{"0":{"loc":{"start":{"line":7,"column":168},"end":{"line":7,"column":198}},"type":"binary-expr","locations":[{"start":{"line":7,"column":168},"end":{"line":7,"column":189}},{"start":{"line":7,"column":193},"end":{"line":7,"column":198}}],"line":7},"1":{"loc":{"start":{"line":7,"column":232},"end":{"line":7,"column":286}},"type":"if","locations":[{"start":{"line":7,"column":232},"end":{"line":7,"column":286}},{"start":{"line":7,"column":232},"end":{"line":7,"column":286}}],"line":7},"2":{"loc":{"start":{"line":7,"column":407},"end":{"line":7,"column":475}},"type":"if","locations":[{"start":{"line":7,"column":407},"end":{"line":7,"column":475}},{"start":{"line":7,"column":407},"end":{"line":7,"column":475}}],"line":7},"3":{"loc":{"start":{"line":7,"column":476},"end":{"line":7,"column":536}},"type":"if","locations":[{"start":{"line":7,"column":476},"end":{"line":7,"column":536}},{"start":{"line":7,"column":476},"end":{"line":7,"column":536}}],"line":7},"4":{"loc":{"start":{"line":11,"column":50},"end":{"line":11,"column":151}},"type":"if","locations":[{"start":{"line":11,"column":50},"end":{"line":11,"column":151}},{"start":{"line":11,"column":50},"end":{"line":11,"column":151}}],"line":11},"5":{"loc":{"start":{"line":41,"column":12},"end":{"line":44,"column":13}},"type":"if","locations":[{"start":{"line":41,"column":12},"end":{"line":44,"column":13}},{"start":{"line":41,"column":12},"end":{"line":44,"column":13}}],"line":41},"6":{"loc":{"start":{"line":71,"column":12},"end":{"line":74,"column":13}},"type":"if","locations":[{"start":{"line":71,"column":12},"end":{"line":74,"column":13}},{"start":{"line":71,"column":12},"end":{"line":74,"column":13}}],"line":71},"7":{"loc":{"start":{"line":95,"column":29},"end":{"line":95,"column":119}},"type":"cond-expr","locations":[{"start":{"line":95,"column":59},"end":{"line":95,"column":60}},{"start":{"line":95,"column":63},"end":{"line":95,"column":119}}],"line":95},"8":{"loc":{"start":{"line":153,"column":12},"end":{"line":156,"column":13}},"type":"if","locations":[{"start":{"line":153,"column":12},"end":{"line":156,"column":13}},{"start":{"line":153,"column":12},"end":{"line":156,"column":13}}],"line":153},"9":{"loc":{"start":{"line":169,"column":12},"end":{"line":172,"column":13}},"type":"if","locations":[{"start":{"line":169,"column":12},"end":{"line":172,"column":13}},{"start":{"line":169,"column":12},"end":{"line":172,"column":13}}],"line":169},"10":{"loc":{"start":{"line":174,"column":12},"end":{"line":177,"column":13}},"type":"if","locations":[{"start":{"line":174,"column":12},"end":{"line":177,"column":13}},{"start":{"line":174,"column":12},"end":{"line":177,"column":13}}],"line":174},"11":{"loc":{"start":{"line":179,"column":12},"end":{"line":182,"column":13}},"type":"if","locations":[{"start":{"line":179,"column":12},"end":{"line":182,"column":13}},{"start":{"line":179,"column":12},"end":{"line":182,"column":13}}],"line":179},"12":{"loc":{"start":{"line":184,"column":12},"end":{"line":187,"column":13}},"type":"if","locations":[{"start":{"line":184,"column":12},"end":{"line":187,"column":13}},{"start":{"line":184,"column":12},"end":{"line":187,"column":13}}],"line":184},"13":{"loc":{"start":{"line":189,"column":12},"end":{"line":192,"column":13}},"type":"if","locations":[{"start":{"line":189,"column":12},"end":{"line":192,"column":13}},{"start":{"line":189,"column":12},"end":{"line":192,"column":13}}],"line":189},"14":{"loc":{"start":{"line":194,"column":12},"end":{"line":197,"column":13}},"type":"if","locations":[{"start":{"line":194,"column":12},"end":{"line":197,"column":13}},{"start":{"line":194,"column":12},"end":{"line":197,"column":13}}],"line":194},"15":{"loc":{"start":{"line":226,"column":12},"end":{"line":229,"column":13}},"type":"if","locations":[{"start":{"line":226,"column":12},"end":{"line":229,"column":13}},{"start":{"line":226,"column":12},"end":{"line":229,"column":13}}],"line":226},"16":{"loc":{"start":{"line":255,"column":12},"end":{"line":267,"column":13}},"type":"if","locations":[{"start":{"line":255,"column":12},"end":{"line":267,"column":13}},{"start":{"line":255,"column":12},"end":{"line":267,"column":13}}],"line":255},"17":{"loc":{"start":{"line":261,"column":16},"end":{"line":264,"column":17}},"type":"if","locations":[{"start":{"line":261,"column":16},"end":{"line":264,"column":17}},{"start":{"line":261,"column":16},"end":{"line":264,"column":17}}],"line":261},"18":{"loc":{"start":{"line":293,"column":12},"end":{"line":305,"column":13}},"type":"if","locations":[{"start":{"line":293,"column":12},"end":{"line":305,"column":13}},{"start":{"line":293,"column":12},"end":{"line":305,"column":13}}],"line":293},"19":{"loc":{"start":{"line":299,"column":16},"end":{"line":302,"column":17}},"type":"if","locations":[{"start":{"line":299,"column":16},"end":{"line":302,"column":17}},{"start":{"line":299,"column":16},"end":{"line":302,"column":17}}],"line":299}},"s":{"0":1,"1":1,"2":1,"3":7,"4":7,"5":7,"6":7,"7":7,"8":7,"9":1,"10":1,"11":0,"12":1,"13":1,"14":1,"15":1,"16":0,"17":0,"18":1,"19":0,"20":1,"21":3,"22":1,"23":2,"24":2,"25":2,"26":1,"27":2,"28":1,"29":1,"30":2,"31":2,"32":2,"33":2,"34":2,"35":2,"36":2,"37":2,"38":2,"39":2,"40":2,"41":2,"42":2,"43":1,"44":2,"45":1,"46":1,"47":1,"48":1,"49":1,"50":1,"51":1,"52":1,"53":1,"54":1,"55":0,"56":1,"57":1,"58":1,"59":0,"60":1,"61":1,"62":1,"63":0,"64":1,"65":0,"66":1,"67":1,"68":2,"69":2,"70":1,"71":2,"72":1,"73":1,"74":1,"75":7,"76":7,"77":2,"78":4,"79":2,"80":1,"81":1,"82":5,"83":5,"84":5,"85":2,"86":4,"87":2,"88":1,"89":1,"90":3,"91":1,"92":1},"f":{"0":1,"1":1,"2":1,"3":0,"4":1,"5":0,"6":3,"7":2,"8":1,"9":2,"10":2,"11":1,"12":2,"13":1,"14":7,"15":4,"16":5,"17":4},"b":{"0":[7,7],"1":[7,0],"2":[0,1],"3":[1,0],"4":[0,0],"5":[1,2],"6":[1,1],"7":[1,1],"8":[1,1],"9":[0,1],"10":[1,0],"11":[0,1],"12":[1,0],"13":[0,1],"14":[0,1],"15":[1,1],"16":[2,5],"17":[1,1],"18":[2,3],"19":[1,1]},"_coverageSchema":"332fd63041d2c1bcb487cc26dd0d5f7d97098a6c","hash":"54c69fcc3a56d90b2a766c8dbee7cfc6d7838dad","contentHash":"b54c7fe01179eb0d5ab76206571fe647_11.6.0"},"C:\\py\\WEConnect\\server\\lib\\dummydb\\db.js":{"path":"C:\\py\\WEConnect\\server\\lib\\dummydb\\db.js","statementMap":{"0":{"start":{"line":3,"column":0},"end":{"line":5,"column":3}},"1":{"start":{"line":8,"column":12},"end":{"line":18,"column":2}},"2":{"start":{"line":20,"column":14},"end":{"line":27,"column":2}},"3":{"start":{"line":29,"column":17},"end":{"line":39,"column":2}},"4":{"start":{"line":41,"column":0},"end":{"line":41,"column":32}},"5":{"start":{"line":42,"column":0},"end":{"line":42,"column":26}},"6":{"start":{"line":43,"column":0},"end":{"line":43,"column":22}}},"fnMap":{},"branchMap":{},"s":{"0":1,"1":1,"2":1,"3":1,"4":1,"5":1,"6":1},"f":{},"b":{},"_coverageSchema":"332fd63041d2c1bcb487cc26dd0d5f7d97098a6c","hash":"6194a5806681bb17efcb0dd273e9cd71d632e38e","contentHash":"c0307356778e2292af398036c42fc040_11.6.0"},"C:\\py\\WEConnect\\server\\lib\\controllers\\reviewController.js":{"path":"C:\\py\\WEConnect\\server\\lib\\controllers\\reviewController.js","statementMap":{"0":{"start":{"line":3,"column":0},"end":{"line":5,"column":3}},"1":{"start":{"line":7,"column":19},"end":{"line":7,"column":563}},"2":{"start":{"line":7,"column":76},"end":{"line":7,"column":347}},"3":{"start":{"line":7,"column":134},"end":{"line":7,"column":142}},"4":{"start":{"line":7,"column":144},"end":{"line":7,"column":199}},"5":{"start":{"line":7,"column":200},"end":{"line":7,"column":231}},"6":{"start":{"line":7,"column":232},"end":{"line":7,"column":286}},"7":{"start":{"line":7,"column":259},"end":{"line":7,"column":286}},"8":{"start":{"line":7,"column":287},"end":{"line":7,"column":345}},"9":{"start":{"line":7,"column":350},"end":{"line":7,"column":559}},"10":{"start":{"line":7,"column":407},"end":{"line":7,"column":475}},"11":{"start":{"line":7,"column":423},"end":{"line":7,"column":475}},"12":{"start":{"line":7,"column":476},"end":{"line":7,"column":536}},"13":{"start":{"line":7,"column":493},"end":{"line":7,"column":536}},"14":{"start":{"line":7,"column":537},"end":{"line":7,"column":556}},"15":{"start":{"line":9,"column":10},"end":{"line":9,"column":34}},"16":{"start":{"line":11,"column":50},"end":{"line":11,"column":151}},"17":{"start":{"line":11,"column":92},"end":{"line":11,"column":149}},"18":{"start":{"line":19,"column":23},"end":{"line":119,"column":3}},"19":{"start":{"line":21,"column":8},"end":{"line":21,"column":48}},"20":{"start":{"line":24,"column":4},"end":{"line":116,"column":8}},"21":{"start":{"line":41,"column":21},"end":{"line":41,"column":42}},"22":{"start":{"line":43,"column":27},"end":{"line":45,"column":14}},"23":{"start":{"line":44,"column":16},"end":{"line":44,"column":56}},"24":{"start":{"line":47,"column":12},"end":{"line":50,"column":13}},"25":{"start":{"line":49,"column":16},"end":{"line":49,"column":131}},"26":{"start":{"line":52,"column":32},"end":{"line":52,"column":64}},"27":{"start":{"line":54,"column":27},"end":{"line":54,"column":184}},"28":{"start":{"line":56,"column":28},"end":{"line":56,"column":36}},"29":{"start":{"line":57,"column":32},"end":{"line":57,"column":55}},"30":{"start":{"line":58,"column":25},"end":{"line":58,"column":41}},"31":{"start":{"line":61,"column":25},"end":{"line":71,"column":13}},"32":{"start":{"line":73,"column":12},"end":{"line":73,"column":63}},"33":{"start":{"line":75,"column":12},"end":{"line":75,"column":102}},"34":{"start":{"line":94,"column":21},"end":{"line":94,"column":42}},"35":{"start":{"line":96,"column":27},"end":{"line":98,"column":14}},"36":{"start":{"line":97,"column":16},"end":{"line":97,"column":56}},"37":{"start":{"line":100,"column":12},"end":{"line":103,"column":13}},"38":{"start":{"line":102,"column":16},"end":{"line":102,"column":130}},"39":{"start":{"line":105,"column":32},"end":{"line":105,"column":64}},"40":{"start":{"line":107,"column":29},"end":{"line":107,"column":66}},"41":{"start":{"line":109,"column":12},"end":{"line":112,"column":13}},"42":{"start":{"line":111,"column":16},"end":{"line":111,"column":130}},"43":{"start":{"line":114,"column":12},"end":{"line":114,"column":96}},"44":{"start":{"line":118,"column":4},"end":{"line":118,"column":28}},"45":{"start":{"line":121,"column":0},"end":{"line":121,"column":35}}},"fnMap":{"0":{"name":"(anonymous_0)","decl":{"start":{"line":7,"column":19},"end":{"line":7,"column":20}},"loc":{"start":{"line":7,"column":31},"end":{"line":7,"column":561}},"line":7},"1":{"name":"defineProperties","decl":{"start":{"line":7,"column":42},"end":{"line":7,"column":58}},"loc":{"start":{"line":7,"column":74},"end":{"line":7,"column":349}},"line":7},"2":{"name":"(anonymous_2)","decl":{"start":{"line":7,"column":357},"end":{"line":7,"column":358}},"loc":{"start":{"line":7,"column":405},"end":{"line":7,"column":558}},"line":7},"3":{"name":"_classCallCheck","decl":{"start":{"line":11,"column":9},"end":{"line":11,"column":24}},"loc":{"start":{"line":11,"column":48},"end":{"line":11,"column":153}},"line":11},"4":{"name":"(anonymous_4)","decl":{"start":{"line":19,"column":23},"end":{"line":19,"column":24}},"loc":{"start":{"line":19,"column":35},"end":{"line":119,"column":1}},"line":19},"5":{"name":"ReviewController","decl":{"start":{"line":20,"column":13},"end":{"line":20,"column":29}},"loc":{"start":{"line":20,"column":32},"end":{"line":22,"column":5}},"line":20},"6":{"name":"addReview","decl":{"start":{"line":39,"column":24},"end":{"line":39,"column":33}},"loc":{"start":{"line":39,"column":44},"end":{"line":76,"column":9}},"line":39},"7":{"name":"(anonymous_7)","decl":{"start":{"line":43,"column":47},"end":{"line":43,"column":48}},"loc":{"start":{"line":43,"column":71},"end":{"line":45,"column":13}},"line":43},"8":{"name":"getAllReviews","decl":{"start":{"line":92,"column":24},"end":{"line":92,"column":37}},"loc":{"start":{"line":92,"column":48},"end":{"line":115,"column":9}},"line":92},"9":{"name":"(anonymous_9)","decl":{"start":{"line":96,"column":47},"end":{"line":96,"column":48}},"loc":{"start":{"line":96,"column":71},"end":{"line":98,"column":13}},"line":96}},"branchMap":{"0":{"loc":{"start":{"line":7,"column":168},"end":{"line":7,"column":198}},"type":"binary-expr","locations":[{"start":{"line":7,"column":168},"end":{"line":7,"column":189}},{"start":{"line":7,"column":193},"end":{"line":7,"column":198}}],"line":7},"1":{"loc":{"start":{"line":7,"column":232},"end":{"line":7,"column":286}},"type":"if","locations":[{"start":{"line":7,"column":232},"end":{"line":7,"column":286}},{"start":{"line":7,"column":232},"end":{"line":7,"column":286}}],"line":7},"2":{"loc":{"start":{"line":7,"column":407},"end":{"line":7,"column":475}},"type":"if","locations":[{"start":{"line":7,"column":407},"end":{"line":7,"column":475}},{"start":{"line":7,"column":407},"end":{"line":7,"column":475}}],"line":7},"3":{"loc":{"start":{"line":7,"column":476},"end":{"line":7,"column":536}},"type":"if","locations":[{"start":{"line":7,"column":476},"end":{"line":7,"column":536}},{"start":{"line":7,"column":476},"end":{"line":7,"column":536}}],"line":7},"4":{"loc":{"start":{"line":11,"column":50},"end":{"line":11,"column":151}},"type":"if","locations":[{"start":{"line":11,"column":50},"end":{"line":11,"column":151}},{"start":{"line":11,"column":50},"end":{"line":11,"column":151}}],"line":11},"5":{"loc":{"start":{"line":47,"column":12},"end":{"line":50,"column":13}},"type":"if","locations":[{"start":{"line":47,"column":12},"end":{"line":50,"column":13}},{"start":{"line":47,"column":12},"end":{"line":50,"column":13}}],"line":47},"6":{"loc":{"start":{"line":54,"column":27},"end":{"line":54,"column":184}},"type":"cond-expr","locations":[{"start":{"line":54,"column":80},"end":{"line":54,"column":81}},{"start":{"line":54,"column":84},"end":{"line":54,"column":184}}],"line":54},"7":{"loc":{"start":{"line":100,"column":12},"end":{"line":103,"column":13}},"type":"if","locations":[{"start":{"line":100,"column":12},"end":{"line":103,"column":13}},{"start":{"line":100,"column":12},"end":{"line":103,"column":13}}],"line":100},"8":{"loc":{"start":{"line":109,"column":12},"end":{"line":112,"column":13}},"type":"if","locations":[{"start":{"line":109,"column":12},"end":{"line":112,"column":13}},{"start":{"line":109,"column":12},"end":{"line":112,"column":13}}],"line":109}},"s":{"0":1,"1":1,"2":1,"3":2,"4":2,"5":2,"6":2,"7":2,"8":2,"9":1,"10":1,"11":0,"12":1,"13":1,"14":1,"15":1,"16":0,"17":0,"18":1,"19":0,"20":1,"21":2,"22":2,"23":1,"24":2,"25":1,"26":1,"27":1,"28":1,"29":1,"30":1,"31":1,"32":1,"33":1,"34":2,"35":2,"36":3,"37":2,"38":0,"39":2,"40":2,"41":2,"42":1,"43":1,"44":1,"45":1},"f":{"0":1,"1":1,"2":1,"3":0,"4":1,"5":0,"6":2,"7":1,"8":2,"9":3},"b":{"0":[2,2],"1":[2,0],"2":[0,1],"3":[1,0],"4":[0,0],"5":[1,1],"6":[1,0],"7":[0,2],"8":[1,1]},"_coverageSchema":"332fd63041d2c1bcb487cc26dd0d5f7d97098a6c","hash":"cb8ad13278fce259fc52a601086b0ac951aeec7b","contentHash":"cfd334161bc958abd5a1ff1434e98706_11.6.0"},"C:\\py\\WEConnect\\server\\lib\\controllers\\userController.js":{"path":"C:\\py\\WEConnect\\server\\lib\\controllers\\userController.js","statementMap":{"0":{"start":{"line":3,"column":0},"end":{"line":5,"column":3}},"1":{"start":{"line":7,"column":19},"end":{"line":7,"column":563}},"2":{"start":{"line":7,"column":76},"end":{"line":7,"column":347}},"3":{"start":{"line":7,"column":134},"end":{"line":7,"column":142}},"4":{"start":{"line":7,"column":144},"end":{"line":7,"column":199}},"5":{"start":{"line":7,"column":200},"end":{"line":7,"column":231}},"6":{"start":{"line":7,"column":232},"end":{"line":7,"column":286}},"7":{"start":{"line":7,"column":259},"end":{"line":7,"column":286}},"8":{"start":{"line":7,"column":287},"end":{"line":7,"column":345}},"9":{"start":{"line":7,"column":350},"end":{"line":7,"column":559}},"10":{"start":{"line":7,"column":407},"end":{"line":7,"column":475}},"11":{"start":{"line":7,"column":423},"end":{"line":7,"column":475}},"12":{"start":{"line":7,"column":476},"end":{"line":7,"column":536}},"13":{"start":{"line":7,"column":493},"end":{"line":7,"column":536}},"14":{"start":{"line":7,"column":537},"end":{"line":7,"column":556}},"15":{"start":{"line":9,"column":10},"end":{"line":9,"column":34}},"16":{"start":{"line":11,"column":50},"end":{"line":11,"column":151}},"17":{"start":{"line":11,"column":92},"end":{"line":11,"column":149}},"18":{"start":{"line":19,"column":21},"end":{"line":135,"column":3}},"19":{"start":{"line":21,"column":12},"end":{"line":21,"column":50}},"20":{"start":{"line":24,"column":6},"end":{"line":132,"column":10}},"21":{"start":{"line":42,"column":34},"end":{"line":42,"column":42}},"22":{"start":{"line":43,"column":30},"end":{"line":43,"column":45}},"23":{"start":{"line":44,"column":33},"end":{"line":44,"column":51}},"24":{"start":{"line":47,"column":18},"end":{"line":66,"column":19}},"25":{"start":{"line":49,"column":35},"end":{"line":51,"column":26}},"26":{"start":{"line":50,"column":30},"end":{"line":50,"column":62}},"27":{"start":{"line":53,"column":24},"end":{"line":65,"column":25}},"28":{"start":{"line":55,"column":30},"end":{"line":61,"column":31}},"29":{"start":{"line":57,"column":36},"end":{"line":57,"column":88}},"30":{"start":{"line":60,"column":36},"end":{"line":60,"column":106}},"31":{"start":{"line":64,"column":30},"end":{"line":64,"column":102}},"32":{"start":{"line":87,"column":31},"end":{"line":87,"column":102}},"33":{"start":{"line":89,"column":35},"end":{"line":89,"column":43}},"34":{"start":{"line":90,"column":34},"end":{"line":90,"column":54}},"35":{"start":{"line":91,"column":33},"end":{"line":91,"column":52}},"36":{"start":{"line":92,"column":30},"end":{"line":92,"column":46}},"37":{"start":{"line":93,"column":33},"end":{"line":93,"column":52}},"38":{"start":{"line":94,"column":32},"end":{"line":94,"column":50}},"39":{"start":{"line":95,"column":36},"end":{"line":95,"column":58}},"40":{"start":{"line":98,"column":34},"end":{"line":100,"column":20}},"41":{"start":{"line":99,"column":24},"end":{"line":99,"column":56}},"42":{"start":{"line":102,"column":18},"end":{"line":130,"column":19}},"43":{"start":{"line":104,"column":35},"end":{"line":122,"column":25}},"44":{"start":{"line":124,"column":24},"end":{"line":124,"column":45}},"45":{"start":{"line":126,"column":24},"end":{"line":126,"column":100}},"46":{"start":{"line":129,"column":24},"end":{"line":129,"column":81}},"47":{"start":{"line":134,"column":6},"end":{"line":134,"column":28}},"48":{"start":{"line":137,"column":0},"end":{"line":137,"column":33}}},"fnMap":{"0":{"name":"(anonymous_0)","decl":{"start":{"line":7,"column":19},"end":{"line":7,"column":20}},"loc":{"start":{"line":7,"column":31},"end":{"line":7,"column":561}},"line":7},"1":{"name":"defineProperties","decl":{"start":{"line":7,"column":42},"end":{"line":7,"column":58}},"loc":{"start":{"line":7,"column":74},"end":{"line":7,"column":349}},"line":7},"2":{"name":"(anonymous_2)","decl":{"start":{"line":7,"column":357},"end":{"line":7,"column":358}},"loc":{"start":{"line":7,"column":405},"end":{"line":7,"column":558}},"line":7},"3":{"name":"_classCallCheck","decl":{"start":{"line":11,"column":9},"end":{"line":11,"column":24}},"loc":{"start":{"line":11,"column":48},"end":{"line":11,"column":153}},"line":11},"4":{"name":"(anonymous_4)","decl":{"start":{"line":19,"column":21},"end":{"line":19,"column":22}},"loc":{"start":{"line":19,"column":33},"end":{"line":135,"column":1}},"line":19},"5":{"name":"UserController","decl":{"start":{"line":20,"column":15},"end":{"line":20,"column":29}},"loc":{"start":{"line":20,"column":32},"end":{"line":22,"column":7}},"line":20},"6":{"name":"loginUser","decl":{"start":{"line":41,"column":28},"end":{"line":41,"column":37}},"loc":{"start":{"line":41,"column":48},"end":{"line":67,"column":13}},"line":41},"7":{"name":"(anonymous_7)","decl":{"start":{"line":49,"column":50},"end":{"line":49,"column":51}},"loc":{"start":{"line":49,"column":70},"end":{"line":51,"column":25}},"line":49},"8":{"name":"signupUser","decl":{"start":{"line":85,"column":28},"end":{"line":85,"column":38}},"loc":{"start":{"line":85,"column":49},"end":{"line":131,"column":13}},"line":85},"9":{"name":"(anonymous_9)","decl":{"start":{"line":98,"column":49},"end":{"line":98,"column":50}},"loc":{"start":{"line":98,"column":69},"end":{"line":100,"column":19}},"line":98}},"branchMap":{"0":{"loc":{"start":{"line":7,"column":168},"end":{"line":7,"column":198}},"type":"binary-expr","locations":[{"start":{"line":7,"column":168},"end":{"line":7,"column":189}},{"start":{"line":7,"column":193},"end":{"line":7,"column":198}}],"line":7},"1":{"loc":{"start":{"line":7,"column":232},"end":{"line":7,"column":286}},"type":"if","locations":[{"start":{"line":7,"column":232},"end":{"line":7,"column":286}},{"start":{"line":7,"column":232},"end":{"line":7,"column":286}}],"line":7},"2":{"loc":{"start":{"line":7,"column":407},"end":{"line":7,"column":475}},"type":"if","locations":[{"start":{"line":7,"column":407},"end":{"line":7,"column":475}},{"start":{"line":7,"column":407},"end":{"line":7,"column":475}}],"line":7},"3":{"loc":{"start":{"line":7,"column":476},"end":{"line":7,"column":536}},"type":"if","locations":[{"start":{"line":7,"column":476},"end":{"line":7,"column":536}},{"start":{"line":7,"column":476},"end":{"line":7,"column":536}}],"line":7},"4":{"loc":{"start":{"line":11,"column":50},"end":{"line":11,"column":151}},"type":"if","locations":[{"start":{"line":11,"column":50},"end":{"line":11,"column":151}},{"start":{"line":11,"column":50},"end":{"line":11,"column":151}}],"line":11},"5":{"loc":{"start":{"line":47,"column":18},"end":{"line":66,"column":19}},"type":"if","locations":[{"start":{"line":47,"column":18},"end":{"line":66,"column":19}},{"start":{"line":47,"column":18},"end":{"line":66,"column":19}}],"line":47},"6":{"loc":{"start":{"line":47,"column":22},"end":{"line":47,"column":39}},"type":"binary-expr","locations":[{"start":{"line":47,"column":22},"end":{"line":47,"column":27}},{"start":{"line":47,"column":31},"end":{"line":47,"column":39}}],"line":47},"7":{"loc":{"start":{"line":53,"column":24},"end":{"line":65,"column":25}},"type":"if","locations":[{"start":{"line":53,"column":24},"end":{"line":65,"column":25}},{"start":{"line":53,"column":24},"end":{"line":65,"column":25}}],"line":53},"8":{"loc":{"start":{"line":55,"column":30},"end":{"line":61,"column":31}},"type":"if","locations":[{"start":{"line":55,"column":30},"end":{"line":61,"column":31}},{"start":{"line":55,"column":30},"end":{"line":61,"column":31}}],"line":55},"9":{"loc":{"start":{"line":55,"column":34},"end":{"line":55,"column":84}},"type":"binary-expr","locations":[{"start":{"line":55,"column":34},"end":{"line":55,"column":60}},{"start":{"line":55,"column":64},"end":{"line":55,"column":84}}],"line":55},"10":{"loc":{"start":{"line":87,"column":31},"end":{"line":87,"column":102}},"type":"cond-expr","locations":[{"start":{"line":87,"column":56},"end":{"line":87,"column":57}},{"start":{"line":87,"column":60},"end":{"line":87,"column":102}}],"line":87},"11":{"loc":{"start":{"line":102,"column":18},"end":{"line":130,"column":19}},"type":"if","locations":[{"start":{"line":102,"column":18},"end":{"line":130,"column":19}},{"start":{"line":102,"column":18},"end":{"line":130,"column":19}}],"line":102}},"s":{"0":1,"1":1,"2":1,"3":2,"4":2,"5":2,"6":2,"7":2,"8":2,"9":1,"10":1,"11":0,"12":1,"13":1,"14":1,"15":1,"16":0,"17":0,"18":1,"19":0,"20":1,"21":3,"22":3,"23":3,"24":3,"25":3,"26":3,"27":3,"28":2,"29":1,"30":1,"31":1,"32":2,"33":2,"34":2,"35":2,"36":2,"37":2,"38":2,"39":2,"40":2,"41":3,"42":2,"43":1,"44":1,"45":1,"46":1,"47":1,"48":1},"f":{"0":1,"1":1,"2":1,"3":0,"4":1,"5":0,"6":3,"7":3,"8":2,"9":3},"b":{"0":[2,2],"1":[2,0],"2":[0,1],"3":[1,0],"4":[0,0],"5":[3,0],"6":[3,3],"7":[2,1],"8":[1,1],"9":[2,1],"10":[0,2],"11":[1,1]},"_coverageSchema":"332fd63041d2c1bcb487cc26dd0d5f7d97098a6c","hash":"402f9c91ffdcd9f21ba263444e0b1611c66e7431","contentHash":"fff3f92d8480b2182bb8733ddbe540f1_11.6.0"},"C:\\py\\WEConnect\\server\\lib\\middlewares\\UserValidation.js":{"path":"C:\\py\\WEConnect\\server\\lib\\middlewares\\UserValidation.js","statementMap":{"0":{"start":{"line":3,"column":0},"end":{"line":5,"column":3}},"1":{"start":{"line":7,"column":19},"end":{"line":7,"column":563}},"2":{"start":{"line":7,"column":76},"end":{"line":7,"column":347}},"3":{"start":{"line":7,"column":134},"end":{"line":7,"column":142}},"4":{"start":{"line":7,"column":144},"end":{"line":7,"column":199}},"5":{"start":{"line":7,"column":200},"end":{"line":7,"column":231}},"6":{"start":{"line":7,"column":232},"end":{"line":7,"column":286}},"7":{"start":{"line":7,"column":259},"end":{"line":7,"column":286}},"8":{"start":{"line":7,"column":287},"end":{"line":7,"column":345}},"9":{"start":{"line":7,"column":350},"end":{"line":7,"column":559}},"10":{"start":{"line":7,"column":407},"end":{"line":7,"column":475}},"11":{"start":{"line":7,"column":423},"end":{"line":7,"column":475}},"12":{"start":{"line":7,"column":476},"end":{"line":7,"column":536}},"13":{"start":{"line":7,"column":493},"end":{"line":7,"column":536}},"14":{"start":{"line":7,"column":537},"end":{"line":7,"column":556}},"15":{"start":{"line":9,"column":29},"end":{"line":9,"column":71}},"16":{"start":{"line":11,"column":30},"end":{"line":11,"column":76}},"17":{"start":{"line":13,"column":39},"end":{"line":13,"column":93}},"18":{"start":{"line":15,"column":50},"end":{"line":15,"column":151}},"19":{"start":{"line":15,"column":92},"end":{"line":15,"column":149}},"20":{"start":{"line":17,"column":20},"end":{"line":17,"column":65}},"21":{"start":{"line":18,"column":19},"end":{"line":18,"column":63}},"22":{"start":{"line":19,"column":23},"end":{"line":19,"column":71}},"23":{"start":{"line":20,"column":26},"end":{"line":20,"column":77}},"24":{"start":{"line":29,"column":21},"end":{"line":101,"column":3}},"25":{"start":{"line":31,"column":12},"end":{"line":31,"column":50}},"26":{"start":{"line":34,"column":6},"end":{"line":98,"column":10}},"27":{"start":{"line":52,"column":34},"end":{"line":52,"column":42}},"28":{"start":{"line":53,"column":34},"end":{"line":53,"column":53}},"29":{"start":{"line":54,"column":33},"end":{"line":54,"column":51}},"30":{"start":{"line":55,"column":30},"end":{"line":55,"column":45}},"31":{"start":{"line":56,"column":33},"end":{"line":56,"column":51}},"32":{"start":{"line":57,"column":36},"end":{"line":57,"column":57}},"33":{"start":{"line":60,"column":39},"end":{"line":60,"column":96}},"34":{"start":{"line":62,"column":18},"end":{"line":69,"column":19}},"35":{"start":{"line":64,"column":24},"end":{"line":68,"column":27}},"36":{"start":{"line":71,"column":29},"end":{"line":85,"column":19}},"37":{"start":{"line":87,"column":34},"end":{"line":87,"column":180}},"38":{"start":{"line":89,"column":18},"end":{"line":92,"column":19}},"39":{"start":{"line":91,"column":24},"end":{"line":91,"column":98}},"40":{"start":{"line":94,"column":18},"end":{"line":94,"column":34}},"41":{"start":{"line":96,"column":18},"end":{"line":96,"column":32}},"42":{"start":{"line":100,"column":6},"end":{"line":100,"column":28}},"43":{"start":{"line":103,"column":0},"end":{"line":103,"column":33}}},"fnMap":{"0":{"name":"(anonymous_0)","decl":{"start":{"line":7,"column":19},"end":{"line":7,"column":20}},"loc":{"start":{"line":7,"column":31},"end":{"line":7,"column":561}},"line":7},"1":{"name":"defineProperties","decl":{"start":{"line":7,"column":42},"end":{"line":7,"column":58}},"loc":{"start":{"line":7,"column":74},"end":{"line":7,"column":349}},"line":7},"2":{"name":"(anonymous_2)","decl":{"start":{"line":7,"column":357},"end":{"line":7,"column":358}},"loc":{"start":{"line":7,"column":405},"end":{"line":7,"column":558}},"line":7},"3":{"name":"_interopRequireDefault","decl":{"start":{"line":13,"column":9},"end":{"line":13,"column":31}},"loc":{"start":{"line":13,"column":37},"end":{"line":13,"column":95}},"line":13},"4":{"name":"_classCallCheck","decl":{"start":{"line":15,"column":9},"end":{"line":15,"column":24}},"loc":{"start":{"line":15,"column":48},"end":{"line":15,"column":153}},"line":15},"5":{"name":"(anonymous_5)","decl":{"start":{"line":29,"column":21},"end":{"line":29,"column":22}},"loc":{"start":{"line":29,"column":33},"end":{"line":101,"column":1}},"line":29},"6":{"name":"UserValidation","decl":{"start":{"line":30,"column":15},"end":{"line":30,"column":29}},"loc":{"start":{"line":30,"column":32},"end":{"line":32,"column":7}},"line":30},"7":{"name":"validatesignUp","decl":{"start":{"line":51,"column":28},"end":{"line":51,"column":42}},"loc":{"start":{"line":51,"column":59},"end":{"line":97,"column":13}},"line":51}},"branchMap":{"0":{"loc":{"start":{"line":7,"column":168},"end":{"line":7,"column":198}},"type":"binary-expr","locations":[{"start":{"line":7,"column":168},"end":{"line":7,"column":189}},{"start":{"line":7,"column":193},"end":{"line":7,"column":198}}],"line":7},"1":{"loc":{"start":{"line":7,"column":232},"end":{"line":7,"column":286}},"type":"if","locations":[{"start":{"line":7,"column":232},"end":{"line":7,"column":286}},{"start":{"line":7,"column":232},"end":{"line":7,"column":286}}],"line":7},"2":{"loc":{"start":{"line":7,"column":407},"end":{"line":7,"column":475}},"type":"if","locations":[{"start":{"line":7,"column":407},"end":{"line":7,"column":475}},{"start":{"line":7,"column":407},"end":{"line":7,"column":475}}],"line":7},"3":{"loc":{"start":{"line":7,"column":476},"end":{"line":7,"column":536}},"type":"if","locations":[{"start":{"line":7,"column":476},"end":{"line":7,"column":536}},{"start":{"line":7,"column":476},"end":{"line":7,"column":536}}],"line":7},"4":{"loc":{"start":{"line":13,"column":46},"end":{"line":13,"column":92}},"type":"cond-expr","locations":[{"start":{"line":13,"column":70},"end":{"line":13,"column":73}},{"start":{"line":13,"column":76},"end":{"line":13,"column":92}}],"line":13},"5":{"loc":{"start":{"line":13,"column":46},"end":{"line":13,"column":67}},"type":"binary-expr","locations":[{"start":{"line":13,"column":46},"end":{"line":13,"column":49}},{"start":{"line":13,"column":53},"end":{"line":13,"column":67}}],"line":13},"6":{"loc":{"start":{"line":15,"column":50},"end":{"line":15,"column":151}},"type":"if","locations":[{"start":{"line":15,"column":50},"end":{"line":15,"column":151}},{"start":{"line":15,"column":50},"end":{"line":15,"column":151}}],"line":15},"7":{"loc":{"start":{"line":60,"column":39},"end":{"line":60,"column":96}},"type":"binary-expr","locations":[{"start":{"line":60,"column":39},"end":{"line":60,"column":48}},{"start":{"line":60,"column":52},"end":{"line":60,"column":57}},{"start":{"line":60,"column":61},"end":{"line":60,"column":69}},{"start":{"line":60,"column":73},"end":{"line":60,"column":81}},{"start":{"line":60,"column":85},"end":{"line":60,"column":96}}],"line":60},"8":{"loc":{"start":{"line":62,"column":18},"end":{"line":69,"column":19}},"type":"if","locations":[{"start":{"line":62,"column":18},"end":{"line":69,"column":19}},{"start":{"line":62,"column":18},"end":{"line":69,"column":19}}],"line":62},"9":{"loc":{"start":{"line":87,"column":34},"end":{"line":87,"column":180}},"type":"binary-expr","locations":[{"start":{"line":87,"column":34},"end":{"line":87,"column":56}},{"start":{"line":87,"column":60},"end":{"line":87,"column":81}},{"start":{"line":87,"column":85},"end":{"line":87,"column":103}},{"start":{"line":87,"column":107},"end":{"line":87,"column":128}},{"start":{"line":87,"column":132},"end":{"line":87,"column":152}},{"start":{"line":87,"column":156},"end":{"line":87,"column":180}}],"line":87},"10":{"loc":{"start":{"line":89,"column":18},"end":{"line":92,"column":19}},"type":"if","locations":[{"start":{"line":89,"column":18},"end":{"line":92,"column":19}},{"start":{"line":89,"column":18},"end":{"line":92,"column":19}}],"line":89}},"s":{"0":1,"1":1,"2":1,"3":1,"4":1,"5":1,"6":1,"7":1,"8":1,"9":1,"10":1,"11":0,"12":1,"13":1,"14":1,"15":1,"16":1,"17":1,"18":0,"19":0,"20":1,"21":1,"22":1,"23":1,"24":1,"25":0,"26":1,"27":5,"28":5,"29":5,"30":5,"31":5,"32":5,"33":5,"34":5,"35":1,"36":4,"37":4,"38":4,"39":2,"40":2,"41":2,"42":1,"43":1},"f":{"0":1,"1":1,"2":1,"3":1,"4":0,"5":1,"6":0,"7":5},"b":{"0":[1,1],"1":[1,0],"2":[0,1],"3":[1,0],"4":[1,0],"5":[1,1],"6":[0,0],"7":[5,5,5,4,4],"8":[1,4],"9":[4,4,2,2,2,2],"10":[2,2]},"_coverageSchema":"332fd63041d2c1bcb487cc26dd0d5f7d97098a6c","hash":"879518ecb03062df837e8b38d17c4ecc5e50ac58","contentHash":"e54444197f3c7a940daed4ad84b3aa69_11.6.0"},"C:\\py\\WEConnect\\server\\lib\\helper\\InputFieldsValidation.js":{"path":"C:\\py\\WEConnect\\server\\lib\\helper\\InputFieldsValidation.js","statementMap":{"0":{"start":{"line":3,"column":0},"end":{"line":5,"column":3}},"1":{"start":{"line":7,"column":19},"end":{"line":7,"column":563}},"2":{"start":{"line":7,"column":76},"end":{"line":7,"column":347}},"3":{"start":{"line":7,"column":134},"end":{"line":7,"column":142}},"4":{"start":{"line":7,"column":144},"end":{"line":7,"column":199}},"5":{"start":{"line":7,"column":200},"end":{"line":7,"column":231}},"6":{"start":{"line":7,"column":232},"end":{"line":7,"column":286}},"7":{"start":{"line":7,"column":259},"end":{"line":7,"column":286}},"8":{"start":{"line":7,"column":287},"end":{"line":7,"column":345}},"9":{"start":{"line":7,"column":350},"end":{"line":7,"column":559}},"10":{"start":{"line":7,"column":407},"end":{"line":7,"column":475}},"11":{"start":{"line":7,"column":423},"end":{"line":7,"column":475}},"12":{"start":{"line":7,"column":476},"end":{"line":7,"column":536}},"13":{"start":{"line":7,"column":493},"end":{"line":7,"column":536}},"14":{"start":{"line":7,"column":537},"end":{"line":7,"column":556}},"15":{"start":{"line":9,"column":50},"end":{"li
[...]
lumn":71}},"36":{"start":{"line":106,"column":24},"end":{"line":106,"column":63}},"37":{"start":{"line":108,"column":24},"end":{"line":108,"column":31}},"38":{"start":{"line":113,"column":0},"end":{"line":148,"column":3}},"39":{"start":{"line":115,"column":8},"end":{"line":147,"column":11}},"40":{"start":{"line":117,"column":16},"end":{"line":146,"column":19}},"41":{"start":{"line":119,"column":24},"end":{"line":119,"column":50}},"42":{"start":{"line":121,"column":24},"end":{"line":121,"column":55}},"43":{"start":{"line":123,"column":24},"end":{"line":123,"column":100}},"44":{"start":{"line":125,"column":24},"end":{"line":125,"column":68}},"45":{"start":{"line":127,"column":24},"end":{"line":127,"column":87}},"46":{"start":{"line":129,"column":24},"end":{"line":129,"column":124}},"47":{"start":{"line":131,"column":24},"end":{"line":131,"column":86}},"48":{"start":{"line":133,"column":24},"end":{"line":133,"column":76}},"49":{"start":{"line":135,"column":24},"end":{"line":135,"column":83}},"50":{"start":{"line":137,"column":24},"end":{"line":137,"column":78}},"51":{"start":{"line":139,"column":24},"end":{"line":139,"column":63}},"52":{"start":{"line":141,"column":24},"end":{"line":141,"column":65}},"53":{"start":{"line":143,"column":24},"end":{"line":143,"column":68}},"54":{"start":{"line":145,"column":24},"end":{"line":145,"column":31}},"55":{"start":{"line":150,"column":0},"end":{"line":187,"column":3}},"56":{"start":{"line":152,"column":8},"end":{"line":186,"column":11}},"57":{"start":{"line":154,"column":32},"end":{"line":170,"column":17}},"58":{"start":{"line":172,"column":16},"end":{"line":172,"column":47}},"59":{"start":{"line":174,"column":16},"end":{"line":185,"column":19}},"60":{"start":{"line":176,"column":24},"end":{"line":176,"column":50}},"61":{"start":{"line":178,"column":24},"end":{"line":178,"column":55}},"62":{"start":{"line":180,"column":24},"end":{"line":180,"column":65}},"63":{"start":{"line":182,"column":24},"end":{"line":182,"column":121}},"64":{"start":{"line":184,"column":24},"end":{"line":184,"column":31}}},"fnMap":{"0":{"name":"_interopRequireDefault","decl":{"start":{"line":17,"column":9},"end":{"line":17,"column":31}},"loc":{"start":{"line":17,"column":37},"end":{"line":17,"column":95}},"line":17},"1":{"name":"(anonymous_1)","decl":{"start":{"line":25,"column":34},"end":{"line":25,"column":35}},"loc":{"start":{"line":25,"column":46},"end":{"line":50,"column":1}},"line":25},"2":{"name":"(anonymous_2)","decl":{"start":{"line":27,"column":75},"end":{"line":27,"column":76}},"loc":{"start":{"line":27,"column":91},"end":{"line":49,"column":9}},"line":27},"3":{"name":"(anonymous_3)","decl":{"start":{"line":37,"column":108},"end":{"line":37,"column":109}},"loc":{"start":{"line":37,"column":128},"end":{"line":48,"column":17}},"line":37},"4":{"name":"(anonymous_4)","decl":{"start":{"line":52,"column":34},"end":{"line":52,"column":35}},"loc":{"start":{"line":52,"column":46},"end":{"line":111,"column":1}},"line":52},"5":{"name":"(anonymous_5)","decl":{"start":{"line":54,"column":67},"end":{"line":54,"column":68}},"loc":{"start":{"line":54,"column":83},"end":{"line":110,"column":9}},"line":54},"6":{"name":"(anonymous_6)","decl":{"start":{"line":84,"column":108},"end":{"line":84,"column":109}},"loc":{"start":{"line":84,"column":128},"end":{"line":109,"column":17}},"line":84},"7":{"name":"(anonymous_7)","decl":{"start":{"line":113,"column":59},"end":{"line":113,"column":60}},"loc":{"start":{"line":113,"column":71},"end":{"line":148,"column":1}},"line":113},"8":{"name":"(anonymous_8)","decl":{"start":{"line":115,"column":74},"end":{"line":115,"column":75}},"loc":{"start":{"line":115,"column":90},"end":{"line":147,"column":9}},"line":115},"9":{"name":"(anonymous_9)","decl":{"start":{"line":117,"column":94},"end":{"line":117,"column":95}},"loc":{"start":{"line":117,"column":114},"end":{"line":146,"column":17}},"line":117},"10":{"name":"(anonymous_10)","decl":{"start":{"line":150,"column":76},"end":{"line":150,"column":77}},"loc":{"start":{"line":150,"column":88},"end":{"line":187,"column":1}},"line":150},"11":{"name":"(anonymous_11)","decl":{"start":{"line":152,"column":87},"end":{"line":152,"column":88}},"loc":{"start":{"line":152,"column":103},"end":{"line":186,"column":9}},"line":152},"12":{"name":"(anonymous_12)","decl":{"start":{"line":174,"column":94},"end":{"line":174,"column":95}},"loc":{"start":{"line":174,"column":114},"end":{"line":185,"column":17}},"line":174}},"branchMap":{"0":{"loc":{"start":{"line":17,"column":46},"end":{"line":17,"column":92}},"type":"cond-expr","locations":[{"start":{"line":17,"column":70},"end":{"line":17,"column":73}},{"start":{"line":17,"column":76},"end":{"line":17,"column":92}}],"line":17},"1":{"loc":{"start":{"line":17,"column":46},"end":{"line":17,"column":67}},"type":"binary-expr","locations":[{"start":{"line":17,"column":46},"end":{"line":17,"column":49}},{"start":{"line":17,"column":53},"end":{"line":17,"column":67}}],"line":17}},"s":{"0":1,"1":1,"2":1,"3":1,"4":1,"5":1,"6":1,"7":3,"8":1,"9":1,"10":1,"11":1,"12":1,"13":1,"14":1,"15":1,"16":1,"17":1,"18":1,"19":1,"20":1,"21":1,"22":1,"23":1,"24":1,"25":1,"26":1,"27":1,"28":1,"29":1,"30":1,"31":1,"32":1,"33":1,"34":1,"35":1,"36":1,"37":1,"38":1,"39":1,"40":1,"41":1,"42":1,"43":1,"44":1,"45":1,"46":1,"47":1,"48":1,"49":1,"50":1,"51":1,"52":1,"53":1,"54":1,"55":1,"56":1,"57":1,"58":1,"59":1,"60":1,"61":1,"62":1,"63":1,"64":1},"f":{"0":3,"1":1,"2":1,"3":1,"4":1,"5":1,"6":1,"7":1,"8":1,"9":1,"10":1,"11":1,"12":1},"b":{"0":[1,2],"1":[3,3]},"_coverageSchema":"332fd63041d2c1bcb487cc26dd0d5f7d97098a6c","hash":"d78fef6000e4f1ded7a61442149ae3a045ce0bc0","contentHash":"2bf475b69fd9d19c315e49d17f6480e2_11.6.0"},"C:\\py\\WEConnect\\server\\lib\\tests\\test.js":{"path":"C:\\py\\WEConnect\\server\\lib\\tests\\test.js","statementMap":{},"fnMap":{},"branchMap":{},"s":{},"f":{},"b":{},"_coverageSchema":"332fd63041d2c1bcb487cc26dd0d5f7d97098a6c","hash":"8860dd2da74c0dedcffa8b01ca956dd29ba550ec","contentHash":"bb671d5318ce1e4089e89d6c6cca413d_11.6.0"},"C:\\py\\WEConnect\\server\\lib\\tests\\UserControllerTest.js":{"path":"C:\\py\\WEConnect\\server\\lib\\tests\\UserControllerTest.js","statementMap":{"0":{"start":{"line":3,"column":12},"end":{"line":3,"column":27}},"1":{"start":{"line":5,"column":13},"end":{"line":5,"column":42}},"2":{"start":{"line":7,"column":16},"end":{"line":7,"column":36}},"3":{"start":{"line":9,"column":17},"end":{"line":9,"column":50}},"4":{"start":{"line":11,"column":11},"end":{"line":11,"column":28}},"5":{"start":{"line":13,"column":12},"end":{"line":13,"column":40}},"6":{"start":{"line":15,"column":10},"end":{"line":15,"column":34}},"7":{"start":{"line":17,"column":39},"end":{"line":17,"column":93}},"8":{"start":{"line":19,"column":13},"end":{"line":19,"column":36}},"9":{"start":{"line":21,"column":0},"end":{"line":21,"column":39}},"10":{"start":{"line":23,"column":0},"end":{"line":23,"column":30}},"11":{"start":{"line":25,"column":0},"end":{"line":97,"column":3}},"12":{"start":{"line":27,"column":8},"end":{"line":48,"column":11}},"13":{"start":{"line":29,"column":37},"end":{"line":35,"column":17}},"14":{"start":{"line":36,"column":16},"end":{"line":47,"column":19}},"15":{"start":{"line":38,"column":24},"end":{"line":38,"column":52}},"16":{"start":{"line":40,"column":24},"end":{"line":40,"column":55}},"17":{"start":{"line":42,"column":24},"end":{"line":42,"column":65}},"18":{"start":{"line":44,"column":24},"end":{"line":44,"column":85}},"19":{"start":{"line":46,"column":24},"end":{"line":46,"column":31}},"20":{"start":{"line":50,"column":8},"end":{"line":72,"column":11}},"21":{"start":{"line":52,"column":38},"end":{"line":58,"column":17}},"22":{"start":{"line":60,"column":16},"end":{"line":71,"column":19}},"23":{"start":{"line":62,"column":24},"end":{"line":62,"column":52}},"24":{"start":{"line":64,"column":24},"end":{"line":64,"column":55}},"25":{"start":{"line":66,"column":24},"end":{"line":66,"column":65}},"26":{"start":{"line":68,"column":24},"end":{"line":68,"column":93}},"27":{"start":{"line":70,"column":24},"end":{"line":70,"column":31}},"28":{"start":{"line":74,"column":8},"end":{"line":96,"column":11}},"29":{"start":{"line":76,"column":38},"end":{"line":82,"column":17}},"30":{"start":{"line":84,"column":16},"end":{"line":95,"column":19}},"31":{"start":{"line":86,"column":24},"end":{"line":86,"column":52}},"32":{"start":{"line":88,"column":24},"end":{"line":88,"column":55}},"33":{"start":{"line":90,"column":24},"end":{"line":90,"column":65}},"34":{"start":{"line":92,"column":24},"end":{"line":92,"column":91}},"35":{"start":{"line":94,"column":24},"end":{"line":94,"column":31}},"36":{"start":{"line":99,"column":0},"end":{"line":180,"column":3}},"37":{"start":{"line":101,"column":8},"end":{"line":147,"column":11}},"38":{"start":{"line":103,"column":30},"end":{"line":117,"column":17}},"39":{"start":{"line":119,"column":16},"end":{"line":146,"column":19}},"40":{"start":{"line":121,"column":24},"end":{"line":121,"column":52}},"41":{"start":{"line":123,"column":24},"end":{"line":123,"column":55}},"42":{"start":{"line":125,"column":24},"end":{"line":125,"column":99}},"43":{"start":{"line":127,"column":24},"end":{"line":127,"column":60}},"44":{"start":{"line":129,"column":24},"end":{"line":129,"column":89}},"45":{"start":{"line":131,"column":24},"end":{"line":131,"column":85}},"46":{"start":{"line":133,"column":24},"end":{"line":133,"column":94}},"47":{"start":{"line":135,"column":24},"end":{"line":135,"column":97}},"48":{"start":{"line":137,"column":24},"end":{"line":137,"column":95}},"49":{"start":{"line":139,"column":24},"end":{"line":139,"column":76}},"50":{"start":{"line":141,"column":24},"end":{"line":141,"column":70}},"51":{"start":{"line":143,"column":24},"end":{"line":143,"column":73}},"52":{"start":{"line":145,"column":24},"end":{"line":145,"column":31}},"53":{"start":{"line":149,"column":8},"end":{"line":179,"column":11}},"54":{"start":{"line":151,"column":31},"end":{"line":165,"column":17}},"55":{"start":{"line":167,"column":16},"end":{"line":178,"column":19}},"56":{"start":{"line":169,"column":24},"end":{"line":169,"column":52}},"57":{"start":{"line":171,"column":24},"end":{"line":171,"column":55}},"58":{"start":{"line":173,"column":24},"end":{"line":173,"column":65}},"59":{"start":{"line":175,"column":24},"end":{"line":175,"column":78}},"60":{"start":{"line":177,"column":24},"end":{"line":177,"column":31}}},"fnMap":{"0":{"name":"_interopRequireDefault","decl":{"start":{"line":17,"column":9},"end":{"line":17,"column":31}},"loc":{"start":{"line":17,"column":37},"end":{"line":17,"column":95}},"line":17},"1":{"name":"(anonymous_1)","decl":{"start":{"line":25,"column":37},"end":{"line":25,"column":38}},"loc":{"start":{"line":25,"column":49},"end":{"line":97,"column":1}},"line":25},"2":{"name":"(anonymous_2)","decl":{"start":{"line":27,"column":84},"end":{"line":27,"column":85}},"loc":{"start":{"line":27,"column":100},"end":{"line":48,"column":9}},"line":27},"3":{"name":"(anonymous_3)","decl":{"start":{"line":36,"column":106},"end":{"line":36,"column":107}},"loc":{"start":{"line":36,"column":126},"end":{"line":47,"column":17}},"line":36},"4":{"name":"(anonymous_4)","decl":{"start":{"line":50,"column":100},"end":{"line":50,"column":101}},"loc":{"start":{"line":50,"column":116},"end":{"line":72,"column":9}},"line":50},"5":{"name":"(anonymous_5)","decl":{"start":{"line":60,"column":107},"end":{"line":60,"column":108}},"loc":{"start":{"line":60,"column":127},"end":{"line":71,"column":17}},"line":60},"6":{"name":"(anonymous_6)","decl":{"start":{"line":74,"column":98},"end":{"line":74,"column":99}},"loc":{"start":{"line":74,"column":114},"end":{"line":96,"column":9}},"line":74},"7":{"name":"(anonymous_7)","decl":{"start":{"line":84,"column":107},"end":{"line":84,"column":108}},"loc":{"start":{"line":84,"column":127},"end":{"line":95,"column":17}},"line":84},"8":{"name":"(anonymous_8)","decl":{"start":{"line":99,"column":33},"end":{"line":99,"column":34}},"loc":{"start":{"line":99,"column":45},"end":{"line":180,"column":1}},"line":99},"9":{"name":"(anonymous_9)","decl":{"start":{"line":101,"column":94},"end":{"line":101,"column":95}},"loc":{"start":{"line":101,"column":110},"end":{"line":147,"column":9}},"line":101},"10":{"name":"(anonymous_10)","decl":{"start":{"line":119,"column":100},"end":{"line":119,"column":101}},"loc":{"start":{"line":119,"column":120},"end":{"line":146,"column":17}},"line":119},"11":{"name":"(anonymous_11)","decl":{"start":{"line":149,"column":75},"end":{"line":149,"column":76}},"loc":{"start":{"line":149,"column":91},"end":{"line":179,"column":9}},"line":149},"12":{"name":"(anonymous_12)","decl":{"start":{"line":167,"column":101},"end":{"line":167,"column":102}},"loc":{"start":{"line":167,"column":121},"end":{"line":178,"column":17}},"line":167}},"branchMap":{"0":{"loc":{"start":{"line":17,"column":46},"end":{"line":17,"column":92}},"type":"cond-expr","locations":[{"start":{"line":17,"column":70},"end":{"line":17,"column":73}},{"start":{"line":17,"column":76},"end":{"line":17,"column":92}}],"line":17},"1":{"loc":{"start":{"line":17,"column":46},"end":{"line":17,"column":67}},"type":"binary-expr","locations":[{"start":{"line":17,"column":46},"end":{"line":17,"column":49}},{"start":{"line":17,"column":53},"end":{"line":17,"column":67}}],"line":17}},"s":{"0":1,"1":1,"2":1,"3":1,"4":1,"5":1,"6":1,"7":3,"8":1,"9":1,"10":1,"11":1,"12":1,"13":1,"14":1,"15":1,"16":1,"17":1,"18":1,"19":1,"20":1,"21":1,"22":1,"23":1,"24":1,"25":1,"26":1,"27":1,"28":1,"29":1,"30":1,"31":1,"32":1,"33":1,"34":1,"35":1,"36":1,"37":1,"38":1,"39":1,"40":1,"41":1,"42":1,"43":1,"44":1,"45":1,"46":1,"47":1,"48":1,"49":1,"50":1,"51":1,"52":1,"53":1,"54":1,"55":1,"56":1,"57":1,"58":1,"59":1,"60":1},"f":{"0":3,"1":1,"2":1,"3":1,"4":1,"5":1,"6":1,"7":1,"8":1,"9":1,"10":1,"11":1,"12":1},"b":{"0":[1,2],"1":[3,3]},"_coverageSchema":"332fd63041d2c1bcb487cc26dd0d5f7d97098a6c","hash":"3b150bd85d834416083f08803ccbaf437fed547a","contentHash":"4a4a8f1c6b87e0371fa63004d75b0860_11.6.0"},"C:\\py\\WEConnect\\server\\lib\\tests\\UserValidationTest.js":{"path":"C:\\py\\WEConnect\\server\\lib\\tests\\UserValidationTest.js","statementMap":{"0":{"start":{"line":3,"column":12},"end":{"line":3,"column":27}},"1":{"start":{"line":5,"column":13},"end":{"line":5,"column":42}},"2":{"start":{"line":7,"column":16},"end":{"line":7,"column":36}},"3":{"start":{"line":9,"column":17},"end":{"line":9,"column":50}},"4":{"start":{"line":11,"column":11},"end":{"line":11,"column":28}},"5":{"start":{"line":13,"column":12},"end":{"line":13,"column":40}},"6":{"start":{"line":15,"column":10},"end":{"line":15,"column":34}},"7":{"start":{"line":17,"column":39},"end":{"line":17,"column":93}},"8":{"start":{"line":19,"column":13},"end":{"line":19,"column":36}},"9":{"start":{"line":21,"column":0},"end":{"line":21,"column":39}},"10":{"start":{"line":23,"column":0},"end":{"line":23,"column":30}},"11":{"start":{"line":25,"column":0},"end":{"line":138,"column":3}},"12":{"start":{"line":27,"column":8},"end":{"line":65,"column":11}},"13":{"start":{"line":29,"column":30},"end":{"line":41,"column":17}},"14":{"start":{"line":43,"column":16},"end":{"line":64,"column":19}},"15":{"start":{"line":45,"column":24},"end":{"line":45,"column":52}},"16":{"start":{"line":47,"column":24},"end":{"line":47,"column":55}},"17":{"start":{"line":49,"column":24},"end":{"line":49,"column":90}},"18":{"start":{"line":51,"column":24},"end":{"line":51,"column":77}},"19":{"start":{"line":53,"column":24},"end":{"line":53,"column":85}},"20":{"start":{"line":55,"column":24},"end":{"line":55,"column":86}},"21":{"start":{"line":57,"column":24},"end":{"line":57,"column":101}},"22":{"start":{"line":59,"column":24},"end":{"line":59,"column":90}},"23":{"start":{"line":61,"column":24},"end":{"line":61,"column":93}},"24":{"start":{"line":63,"column":24},"end":{"line":63,"column":31}},"25":{"start":{"line":67,"column":8},"end":{"line":109,"column":11}},"26":{"start":{"line":69,"column":30},"end":{"line":81,"column":17}},"27":{"start":{"line":83,"column":16},"end":{"line":108,"column":19}},"28":{"start":{"line":85,"column":24},"end":{"line":85,"column":52}},"29":{"start":{"line":87,"column":24},"end":{"line":87,"column":55}},"30":{"start":{"line":89,"column":24},"end":{"line":89,"column":90}},"31":{"start":{"line":91,"column":24},"end":{"line":91,"column":77}},"32":{"start":{"line":93,"column":24},"end":{"line":93,"column":85}},"33":{"start":{"line":95,"column":24},"end":{"line":95,"column":86}},"34":{"start":{"line":97,"column":24},"end":{"line":97,"column":126}},"35":{"start":{"line":99,"column":24},"end":{"line":99,"column":83}},"36":{"start":{"line":101,"column":24},"end":{"line":101,"column":117}},"37":{"start":{"line":103,"column":24},"end":{"line":103,"column":90}},"38":{"start":{"line":105,"column":24},"end":{"line":105,"column":93}},"39":{"start":{"line":107,"column":24},"end":{"line":107,"column":31}},"40":{"start":{"line":111,"column":8},"end":{"line":137,"column":11}},"41":{"start":{"line":113,"column":30},"end":{"line":125,"column":17}},"42":{"start":{"line":127,"column":16},"end":{"line":136,"column":19}},"43":{"start":{"line":129,"column":24},"end":{"line":129,"column":52}},"44":{"start":{"line":131,"column":24},"end":{"line":131,"column":55}},"45":{"start":{"line":133,"column":24},"end":{"line":133,"column":135}},"46":{"start":{"line":135,"column":24},"end":{"line":135,"column":31}}},"fnMap":{"0":{"name":"_interopRequireDefault","decl":{"start":{"line":17,"column":9},"end":{"line":17,"column":31}},"loc":{"start":{"line":17,"column":37},"end":{"line":17,"column":95}},"line":17},"1":{"name":"(anonymous_1)","decl":{"start":{"line":25,"column":39},"end":{"line":25,"column":40}},"loc":{"start":{"line":25,"column":51},"end":{"line":138,"column":1}},"line":25},"2":{"name":"(anonymous_2)","decl":{"start":{"line":27,"column":93},"end":{"line":27,"column":94}},"loc":{"start":{"line":27,"column":109},"end":{"line":65,"column":9}},"line":27},"3":{"name":"(anonymous_3)","decl":{"start":{"line":43,"column":100},"end":{"line":43,"column":101}},"loc":{"start":{"line":43,"column":120},"end":{"line":64,"column":17}},"line":43},"4":{"name":"(anonymous_4)","decl":{"start":{"line":67,"column":93},"end":{"line":67,"column":94}},"loc":{"start":{"line":67,"column":109},"end":{"line":109,"column":9}},"line":67},"5":{"name":"(anonymous_5)","decl":{"start":{"line":83,"column":100},"end":{"line":83,"column":101}},"loc":{"start":{"line":83,"column":120},"end":{"line":108,"column":17}},"line":83},"6":{"name":"(anonymous_6)","decl":{"start":{"line":111,"column":93},"end":{"line":111,"column":94}},"loc":{"start":{"line":111,"column":109},"end":{"line":137,"column":9}},"line":111},"7":{"name":"(anonymous_7)","decl":{"start":{"line":127,"column":100},"end":{"line":127,"column":101}},"loc":{"start":{"line":127,"column":120},"end":{"line":136,"column":17}},"line":127}},"branchMap":{"0":{"loc":{"start":{"line":17,"column":46},"end":{"line":17,"column":92}},"type":"cond-expr","locations":[{"start":{"line":17,"column":70},"end":{"line":17,"column":73}},{"start":{"line":17,"column":76},"end":{"line":17,"column":92}}],"line":17},"1":{"loc":{"start":{"line":17,"column":46},"end":{"line":17,"column":67}},"type":"binary-expr","locations":[{"start":{"line":17,"column":46},"end":{"line":17,"column":49}},{"start":{"line":17,"column":53},"end":{"line":17,"column":67}}],"line":17}},"s":{"0":1,"1":1,"2":1,"3":1,"4":1,"5":1,"6":1,"7":3,"8":1,"9":1,"10":1,"11":1,"12":1,"13":1,"14":1,"15":1,"16":1,"17":1,"18":1,"19":1,"20":1,"21":1,"22":1,"23":1,"24":1,"25":1,"26":1,"27":1,"28":1,"29":1,"30":1,"31":1,"32":1,"33":1,"34":1,"35":1,"36":1,"37":1,"38":1,"39":1,"40":1,"41":1,"42":1,"43":1,"44":1,"45":1,"46":1},"f":{"0":3,"1":1,"2":1,"3":1,"4":1,"5":1,"6":1,"7":1},"b":{"0":[1,2],"1":[3,3]},"_coverageSchema":"332fd63041d2c1bcb487cc26dd0d5f7d97098a6c","hash":"6aeebd7ce04cc902cadc12338c02184100f4ee3f","contentHash":"30c5ead3f95b570bf85e519b531273ea_11.6.0"}}